2025-01-06T02:52:51.465+02:00  INFO 13944 --- [superbet-service] [main] com.example.demo.DemoApplication         : Starting DemoApplication using Java 21.0.2 with PID 13944 (C:\Users\crist\Downloads\demo\demo\target\classes started by Cristi in C:\Users\crist\Downloads\demo\demo)
2025-01-06T02:52:51.483+02:00  INFO 13944 --- [superbet-service] [main] com.example.demo.DemoApplication         : The following 1 profile is active: "superbet"
2025-01-06T02:52:52.400+02:00  INFO 13944 --- [superbet-service] [main] .s.d.r.c.RepositoryConfigurationDelegate : Bootstrapping Spring Data JPA repositories in DEFAULT mode.
2025-01-06T02:52:52.430+02:00  INFO 13944 --- [superbet-service] [main] .s.d.r.c.RepositoryConfigurationDelegate : Finished Spring Data repository scanning in 18 ms. Found 0 JPA repository interfaces.
2025-01-06T02:52:53.125+02:00  INFO 13944 --- [superbet-service] [main] o.s.b.w.embedded.tomcat.TomcatWebServer  : Tomcat initialized with port 8081 (http)
2025-01-06T02:52:53.147+02:00  INFO 13944 --- [superbet-service] [main] o.apache.catalina.core.StandardService   : Starting service [Tomcat]
2025-01-06T02:52:53.147+02:00  INFO 13944 --- [superbet-service] [main] o.apache.catalina.core.StandardEngine    : Starting Servlet engine: [Apache Tomcat/10.1.34]
2025-01-06T02:52:53.244+02:00  INFO 13944 --- [superbet-service] [main] o.a.c.c.C.[Tomcat].[localhost].[/]       : Initializing Spring embedded WebApplicationContext
2025-01-06T02:52:53.245+02:00  INFO 13944 --- [superbet-service] [main] w.s.c.ServletWebServerApplicationContext : Root WebApplicationContext: initialization completed in 1691 ms
2025-01-06T02:52:53.443+02:00  INFO 13944 --- [superbet-service] [main] o.hibernate.jpa.internal.util.LogHelper  : HHH000204: Processing PersistenceUnitInfo [name: default]
2025-01-06T02:52:53.533+02:00  INFO 13944 --- [superbet-service] [main] org.hibernate.Version                    : HHH000412: Hibernate ORM core version 6.6.4.Final
2025-01-06T02:52:53.583+02:00  INFO 13944 --- [superbet-service] [main] o.h.c.internal.RegionFactoryInitiator    : HHH000026: Second-level cache disabled
2025-01-06T02:52:53.951+02:00  INFO 13944 --- [superbet-service] [main] o.s.o.j.p.SpringPersistenceUnitInfo      : No LoadTimeWeaver setup: ignoring JPA class transformer
2025-01-06T02:52:54.001+02:00  INFO 13944 --- [superbet-service] [main] com.zaxxer.hikari.HikariDataSource       : HikariPool-1 - Starting...
2025-01-06T02:52:54.235+02:00  INFO 13944 --- [superbet-service] [main] com.zaxxer.hikari.pool.HikariPool        : HikariPool-1 - Added connection com.mysql.cj.jdbc.ConnectionImpl@27896d3b
2025-01-06T02:52:54.238+02:00  INFO 13944 --- [superbet-service] [main] com.zaxxer.hikari.HikariDataSource       : HikariPool-1 - Start completed.
2025-01-06T02:52:54.306+02:00  WARN 13944 --- [superbet-service] [main] org.hibernate.dialect.Dialect            : HHH000511: The 5.5.5 version for [org.hibernate.dialect.MySQLDialect] is no longer supported, hence certain features may not work properly. The minimum supported version is 8.0.0. Check the community dialects project for available legacy versions.
2025-01-06T02:52:54.332+02:00  INFO 13944 --- [superbet-service] [main] org.hibernate.orm.connections.pooling    : HHH10001005: Database info:
	Database JDBC URL [Connecting through datasource 'HikariDataSource (HikariPool-1)']
	Database driver: undefined/unknown
	Database version: 5.5.5
	Autocommit mode: undefined/unknown
	Isolation level: undefined/unknown
	Minimum pool size: undefined/unknown
	Maximum pool size: undefined/unknown
2025-01-06T02:52:54.722+02:00  INFO 13944 --- [superbet-service] [main] o.h.e.t.j.p.i.JtaPlatformInitiator       : HHH000489: No JTA platform available (set 'hibernate.transaction.jta.platform' to enable JTA platform integration)
2025-01-06T02:52:54.731+02:00  INFO 13944 --- [superbet-service] [main] j.LocalContainerEntityManagerFactoryBean : Initialized JPA EntityManagerFactory for persistence unit 'default'
2025-01-06T02:52:55.150+02:00  WARN 13944 --- [superbet-service] [main] JpaBaseConfiguration$JpaWebConfiguration : spring.jpa.open-in-view is enabled by default. Therefore, database queries may be performed during view rendering. Explicitly configure spring.jpa.open-in-view to disable this warning
2025-01-06T02:52:55.642+02:00  INFO 13944 --- [superbet-service] [main] org.quartz.impl.StdSchedulerFactory      : Using default implementation for ThreadExecutor
2025-01-06T02:52:55.659+02:00  INFO 13944 --- [superbet-service] [main] org.quartz.core.SchedulerSignalerImpl    : Initialized Scheduler Signaller of type: class org.quartz.core.SchedulerSignalerImpl
2025-01-06T02:52:55.659+02:00  INFO 13944 --- [superbet-service] [main] org.quartz.core.QuartzScheduler          : Quartz Scheduler v.2.3.2 created.
2025-01-06T02:52:55.661+02:00  INFO 13944 --- [superbet-service] [main] org.quartz.simpl.RAMJobStore             : RAMJobStore initialized.
2025-01-06T02:52:55.663+02:00  INFO 13944 --- [superbet-service] [main] org.quartz.core.QuartzScheduler          : Scheduler meta-data: Quartz Scheduler (v2.3.2) 'quartzScheduler' with instanceId 'NON_CLUSTERED'
  Scheduler class: 'org.quartz.core.QuartzScheduler' - running locally.
  NOT STARTED.
  Currently in standby mode.
  Number of jobs executed: 0
  Using thread pool 'org.quartz.simpl.SimpleThreadPool' - with 10 threads.
  Using job-store 'org.quartz.simpl.RAMJobStore' - which does not support persistence. and is not clustered.

2025-01-06T02:52:55.663+02:00  INFO 13944 --- [superbet-service] [main] org.quartz.impl.StdSchedulerFactory      : Quartz scheduler 'quartzScheduler' initialized from an externally provided properties instance.
2025-01-06T02:52:55.664+02:00  INFO 13944 --- [superbet-service] [main] org.quartz.impl.StdSchedulerFactory      : Quartz scheduler version: 2.3.2
2025-01-06T02:52:55.664+02:00  INFO 13944 --- [superbet-service] [main] org.quartz.core.QuartzScheduler          : JobFactory set to: org.springframework.scheduling.quartz.SpringBeanJobFactory@6ae32ff0
2025-01-06T02:52:55.765+02:00  INFO 13944 --- [superbet-service] [main] o.s.b.w.embedded.tomcat.TomcatWebServer  : Tomcat started on port 8081 (http) with context path '/'
2025-01-06T02:52:55.770+02:00  INFO 13944 --- [superbet-service] [main] o.s.a.r.c.CachingConnectionFactory       : Attempting to connect to: [localhost:5672]
2025-01-06T02:52:55.867+02:00  INFO 13944 --- [superbet-service] [main] o.s.a.r.c.CachingConnectionFactory       : Created new connection: rabbitConnectionFactory#6f6f65a4:0/SimpleConnection@6765b6a2 [delegate=amqp://guest@127.0.0.1:5672/, localPort=65161]
2025-01-06T02:52:55.897+02:00  INFO 13944 --- [superbet-service] [main] o.s.amqp.rabbit.core.RabbitAdmin         : Auto-declaring a non-durable, auto-delete, or exclusive Queue (superbetQueue) durable:false, auto-delete:false, exclusive:false. It will be redeclared if the broker stops and is restarted while the connection factory is alive, but all messages will be lost.
2025-01-06T02:52:55.897+02:00  INFO 13944 --- [superbet-service] [main] o.s.amqp.rabbit.core.RabbitAdmin         : Auto-declaring a non-durable, auto-delete, or exclusive Queue (unibetQueue) durable:false, auto-delete:false, exclusive:false. It will be redeclared if the broker stops and is restarted while the connection factory is alive, but all messages will be lost.
2025-01-06T02:52:55.898+02:00  INFO 13944 --- [superbet-service] [main] o.s.amqp.rabbit.core.RabbitAdmin         : Auto-declaring a non-durable, auto-delete, or exclusive Queue (unibetResponseQueue) durable:false, auto-delete:false, exclusive:false. It will be redeclared if the broker stops and is restarted while the connection factory is alive, but all messages will be lost.
2025-01-06T02:52:55.954+02:00  INFO 13944 --- [superbet-service] [main] o.s.s.quartz.SchedulerFactoryBean        : Starting Quartz Scheduler now
2025-01-06T02:52:55.955+02:00  INFO 13944 --- [superbet-service] [main] org.quartz.core.QuartzScheduler          : Scheduler quartzScheduler_$_NON_CLUSTERED started.
2025-01-06T02:52:55.963+02:00  INFO 13944 --- [superbet-service] [main] com.example.demo.DemoApplication         : Started DemoApplication in 5.089 seconds (process running for 5.57)
2025-01-06T02:53:02.386+02:00  INFO 13944 --- [superbet-service] [org.springframework.amqp.rabbit.RabbitListenerEndpointContainer#0-2] o.s.a.r.l.SimpleMessageListenerContainer : Waiting for workers to finish.
2025-01-06T02:53:02.387+02:00  INFO 13944 --- [superbet-service] [SpringApplicationShutdownHook] org.quartz.core.QuartzScheduler          : Scheduler quartzScheduler_$_NON_CLUSTERED paused.
2025-01-06T02:53:02.387+02:00  INFO 13944 --- [superbet-service] [org.springframework.amqp.rabbit.RabbitListenerEndpointContainer#1-2] o.s.a.r.l.SimpleMessageListenerContainer : Waiting for workers to finish.
2025-01-06T02:53:02.549+02:00  INFO 13944 --- [superbet-service] [org.springframework.amqp.rabbit.RabbitListenerEndpointContainer#1-2] o.s.a.r.l.SimpleMessageListenerContainer : Successfully waited for workers to finish.
2025-01-06T02:53:02.966+02:00  INFO 13944 --- [superbet-service] [org.springframework.amqp.rabbit.RabbitListenerEndpointContainer#0-2] o.s.a.r.l.SimpleMessageListenerContainer : Successfully waited for workers to finish.
2025-01-06T02:53:02.968+02:00  INFO 13944 --- [superbet-service] [SpringApplicationShutdownHook] o.s.b.w.e.tomcat.GracefulShutdown        : Commencing graceful shutdown. Waiting for active requests to complete
2025-01-06T02:53:02.981+02:00  INFO 13944 --- [superbet-service] [tomcat-shutdown] o.s.b.w.e.tomcat.GracefulShutdown        : Graceful shutdown complete
2025-01-06T02:53:03.001+02:00  INFO 13944 --- [superbet-service] [SpringApplicationShutdownHook] o.s.s.quartz.SchedulerFactoryBean        : Shutting down Quartz Scheduler
2025-01-06T02:53:03.002+02:00  INFO 13944 --- [superbet-service] [SpringApplicationShutdownHook] org.quartz.core.QuartzScheduler          : Scheduler quartzScheduler_$_NON_CLUSTERED shutting down.
2025-01-06T02:53:03.003+02:00  INFO 13944 --- [superbet-service] [SpringApplicationShutdownHook] org.quartz.core.QuartzScheduler          : Scheduler quartzScheduler_$_NON_CLUSTERED paused.
2025-01-06T02:53:03.003+02:00  INFO 13944 --- [superbet-service] [SpringApplicationShutdownHook] org.quartz.core.QuartzScheduler          : Scheduler quartzScheduler_$_NON_CLUSTERED shutdown complete.
2025-01-06T02:53:03.006+02:00  INFO 13944 --- [superbet-service] [SpringApplicationShutdownHook] j.LocalContainerEntityManagerFactoryBean : Closing JPA EntityManagerFactory for persistence unit 'default'
2025-01-06T02:53:03.009+02:00  INFO 13944 --- [superbet-service] [SpringApplicationShutdownHook] com.zaxxer.hikari.HikariDataSource       : HikariPool-1 - Shutdown initiated...
2025-01-06T02:53:03.033+02:00  INFO 13944 --- [superbet-service] [SpringApplicationShutdownHook] com.zaxxer.hikari.HikariDataSource       : HikariPool-1 - Shutdown completed.
