2025-01-11T18:35:26.629+02:00  INFO 12912 --- [unibet-service] [main] com.example.demo.DemoApplication         : Starting DemoApplication using Java 21.0.2 with PID 12912 (C:\Users\crist\Downloads\demo\demo\target\classes started by Cristi in C:\Users\crist\Downloads\demo\demo)
2025-01-11T18:35:26.708+02:00  INFO 12912 --- [unibet-service] [main] com.example.demo.DemoApplication         : The following 1 profile is active: "unibet"
2025-01-11T18:35:28.578+02:00  INFO 12912 --- [unibet-service] [main] .s.d.r.c.RepositoryConfigurationDelegate : Bootstrapping Spring Data JPA repositories in DEFAULT mode.
2025-01-11T18:35:28.655+02:00  INFO 12912 --- [unibet-service] [main] .s.d.r.c.RepositoryConfigurationDelegate : Finished Spring Data repository scanning in 56 ms. Found 0 JPA repository interfaces.
2025-01-11T18:35:30.164+02:00  INFO 12912 --- [unibet-service] [main] o.s.b.w.embedded.tomcat.TomcatWebServer  : Tomcat initialized with port 8082 (http)
2025-01-11T18:35:30.214+02:00  INFO 12912 --- [unibet-service] [main] o.apache.catalina.core.StandardService   : Starting service [Tomcat]
2025-01-11T18:35:30.214+02:00  INFO 12912 --- [unibet-service] [main] o.apache.catalina.core.StandardEngine    : Starting Servlet engine: [Apache Tomcat/10.1.34]
2025-01-11T18:35:30.397+02:00  INFO 12912 --- [unibet-service] [main] o.a.c.c.C.[Tomcat].[localhost].[/]       : Initializing Spring embedded WebApplicationContext
2025-01-11T18:35:30.399+02:00  INFO 12912 --- [unibet-service] [main] w.s.c.ServletWebServerApplicationContext : Root WebApplicationContext: initialization completed in 3529 ms
2025-01-11T18:35:30.845+02:00  INFO 12912 --- [unibet-service] [main] o.hibernate.jpa.internal.util.LogHelper  : HHH000204: Processing PersistenceUnitInfo [name: default]
2025-01-11T18:35:31.035+02:00  INFO 12912 --- [unibet-service] [main] org.hibernate.Version                    : HHH000412: Hibernate ORM core version 6.6.4.Final
2025-01-11T18:35:31.133+02:00  INFO 12912 --- [unibet-service] [main] o.h.c.internal.RegionFactoryInitiator    : HHH000026: Second-level cache disabled
2025-01-11T18:35:31.952+02:00  INFO 12912 --- [unibet-service] [main] o.s.o.j.p.SpringPersistenceUnitInfo      : No LoadTimeWeaver setup: ignoring JPA class transformer
2025-01-11T18:35:32.043+02:00  INFO 12912 --- [unibet-service] [main] com.zaxxer.hikari.HikariDataSource       : HikariPool-1 - Starting...
2025-01-11T18:35:32.804+02:00  INFO 12912 --- [unibet-service] [main] com.zaxxer.hikari.pool.HikariPool        : HikariPool-1 - Added connection com.mysql.cj.jdbc.ConnectionImpl@6e9a10cd
2025-01-11T18:35:32.809+02:00  INFO 12912 --- [unibet-service] [main] com.zaxxer.hikari.HikariDataSource       : HikariPool-1 - Start completed.
2025-01-11T18:35:33.029+02:00  WARN 12912 --- [unibet-service] [main] org.hibernate.dialect.Dialect            : HHH000511: The 5.5.5 version for [org.hibernate.dialect.MySQLDialect] is no longer supported, hence certain features may not work properly. The minimum supported version is 8.0.0. Check the community dialects project for available legacy versions.
2025-01-11T18:35:33.111+02:00  INFO 12912 --- [unibet-service] [main] org.hibernate.orm.connections.pooling    : HHH10001005: Database info:
	Database JDBC URL [Connecting through datasource 'HikariDataSource (HikariPool-1)']
	Database driver: undefined/unknown
	Database version: 5.5.5
	Autocommit mode: undefined/unknown
	Isolation level: undefined/unknown
	Minimum pool size: undefined/unknown
	Maximum pool size: undefined/unknown
2025-01-11T18:35:34.301+02:00  INFO 12912 --- [unibet-service] [main] o.h.e.t.j.p.i.JtaPlatformInitiator       : HHH000489: No JTA platform available (set 'hibernate.transaction.jta.platform' to enable JTA platform integration)
2025-01-11T18:35:34.319+02:00  INFO 12912 --- [unibet-service] [main] j.LocalContainerEntityManagerFactoryBean : Initialized JPA EntityManagerFactory for persistence unit 'default'
2025-01-11T18:35:35.324+02:00  WARN 12912 --- [unibet-service] [main] JpaBaseConfiguration$JpaWebConfiguration : spring.jpa.open-in-view is enabled by default. Therefore, database queries may be performed during view rendering. Explicitly configure spring.jpa.open-in-view to disable this warning
2025-01-11T18:35:36.196+02:00  INFO 12912 --- [unibet-service] [main] org.quartz.impl.StdSchedulerFactory      : Using default implementation for ThreadExecutor
2025-01-11T18:35:36.222+02:00  INFO 12912 --- [unibet-service] [main] org.quartz.core.SchedulerSignalerImpl    : Initialized Scheduler Signaller of type: class org.quartz.core.SchedulerSignalerImpl
2025-01-11T18:35:36.222+02:00  INFO 12912 --- [unibet-service] [main] org.quartz.core.QuartzScheduler          : Quartz Scheduler v.2.3.2 created.
2025-01-11T18:35:36.224+02:00  INFO 12912 --- [unibet-service] [main] org.quartz.simpl.RAMJobStore             : RAMJobStore initialized.
2025-01-11T18:35:36.225+02:00  INFO 12912 --- [unibet-service] [main] org.quartz.core.QuartzScheduler          : Scheduler meta-data: Quartz Scheduler (v2.3.2) 'quartzScheduler' with instanceId 'NON_CLUSTERED'
  Scheduler class: 'org.quartz.core.QuartzScheduler' - running locally.
  NOT STARTED.
  Currently in standby mode.
  Number of jobs executed: 0
  Using thread pool 'org.quartz.simpl.SimpleThreadPool' - with 10 threads.
  Using job-store 'org.quartz.simpl.RAMJobStore' - which does not support persistence. and is not clustered.

2025-01-11T18:35:36.227+02:00  INFO 12912 --- [unibet-service] [main] org.quartz.impl.StdSchedulerFactory      : Quartz scheduler 'quartzScheduler' initialized from an externally provided properties instance.
2025-01-11T18:35:36.227+02:00  INFO 12912 --- [unibet-service] [main] org.quartz.impl.StdSchedulerFactory      : Quartz scheduler version: 2.3.2
2025-01-11T18:35:36.228+02:00  INFO 12912 --- [unibet-service] [main] org.quartz.core.QuartzScheduler          : JobFactory set to: org.springframework.scheduling.quartz.SpringBeanJobFactory@102aa5fc
2025-01-11T18:35:36.396+02:00  INFO 12912 --- [unibet-service] [main] o.s.b.w.embedded.tomcat.TomcatWebServer  : Tomcat started on port 8082 (http) with context path '/'
2025-01-11T18:35:36.404+02:00  INFO 12912 --- [unibet-service] [main] o.s.a.r.c.CachingConnectionFactory       : Attempting to connect to: [localhost:5672]
2025-01-11T18:35:36.519+02:00  INFO 12912 --- [unibet-service] [main] o.s.a.r.c.CachingConnectionFactory       : Created new connection: rabbitConnectionFactory#105c6c9e:0/SimpleConnection@451a4187 [delegate=amqp://guest@127.0.0.1:5672/, localPort=62077]
2025-01-11T18:35:36.576+02:00  INFO 12912 --- [unibet-service] [main] o.s.amqp.rabbit.core.RabbitAdmin         : Auto-declaring a non-durable, auto-delete, or exclusive Queue (superbetQueue) durable:false, auto-delete:false, exclusive:false. It will be redeclared if the broker stops and is restarted while the connection factory is alive, but all messages will be lost.
2025-01-11T18:35:36.577+02:00  INFO 12912 --- [unibet-service] [main] o.s.amqp.rabbit.core.RabbitAdmin         : Auto-declaring a non-durable, auto-delete, or exclusive Queue (unibetQueue) durable:false, auto-delete:false, exclusive:false. It will be redeclared if the broker stops and is restarted while the connection factory is alive, but all messages will be lost.
2025-01-11T18:35:36.577+02:00  INFO 12912 --- [unibet-service] [main] o.s.amqp.rabbit.core.RabbitAdmin         : Auto-declaring a non-durable, auto-delete, or exclusive Queue (unibetResponseQueue) durable:false, auto-delete:false, exclusive:false. It will be redeclared if the broker stops and is restarted while the connection factory is alive, but all messages will be lost.
2025-01-11T18:35:36.677+02:00  INFO 12912 --- [unibet-service] [main] o.s.s.quartz.SchedulerFactoryBean        : Starting Quartz Scheduler now
2025-01-11T18:35:36.678+02:00  INFO 12912 --- [unibet-service] [main] org.quartz.core.QuartzScheduler          : Scheduler quartzScheduler_$_NON_CLUSTERED started.
2025-01-11T18:35:36.698+02:00  INFO 12912 --- [unibet-service] [main] com.example.demo.DemoApplication         : Started DemoApplication in 11.402 seconds (process running for 12.597)
2025-01-11T18:38:25.049+02:00  INFO 12912 --- [unibet-service] [SpringApplicationShutdownHook] org.quartz.core.QuartzScheduler          : Scheduler quartzScheduler_$_NON_CLUSTERED paused.
2025-01-11T18:38:25.049+02:00  INFO 12912 --- [unibet-service] [org.springframework.amqp.rabbit.RabbitListenerEndpointContainer#0-2] o.s.a.r.l.SimpleMessageListenerContainer : Waiting for workers to finish.
2025-01-11T18:38:25.992+02:00  INFO 12912 --- [unibet-service] [org.springframework.amqp.rabbit.RabbitListenerEndpointContainer#0-2] o.s.a.r.l.SimpleMessageListenerContainer : Successfully waited for workers to finish.
2025-01-11T18:38:26.054+02:00  INFO 12912 --- [unibet-service] [SpringApplicationShutdownHook] o.s.b.w.e.tomcat.GracefulShutdown        : Commencing graceful shutdown. Waiting for active requests to complete
2025-01-11T18:38:26.083+02:00  INFO 12912 --- [unibet-service] [tomcat-shutdown] o.s.b.w.e.tomcat.GracefulShutdown        : Graceful shutdown complete
2025-01-11T18:38:26.117+02:00  INFO 12912 --- [unibet-service] [SpringApplicationShutdownHook] o.s.s.quartz.SchedulerFactoryBean        : Shutting down Quartz Scheduler
2025-01-11T18:38:26.118+02:00  INFO 12912 --- [unibet-service] [SpringApplicationShutdownHook] org.quartz.core.QuartzScheduler          : Scheduler quartzScheduler_$_NON_CLUSTERED shutting down.
2025-01-11T18:38:26.118+02:00  INFO 12912 --- [unibet-service] [SpringApplicationShutdownHook] org.quartz.core.QuartzScheduler          : Scheduler quartzScheduler_$_NON_CLUSTERED paused.
2025-01-11T18:38:26.119+02:00  INFO 12912 --- [unibet-service] [SpringApplicationShutdownHook] org.quartz.core.QuartzScheduler          : Scheduler quartzScheduler_$_NON_CLUSTERED shutdown complete.
2025-01-11T18:38:26.124+02:00  INFO 12912 --- [unibet-service] [SpringApplicationShutdownHook] j.LocalContainerEntityManagerFactoryBean : Closing JPA EntityManagerFactory for persistence unit 'default'
2025-01-11T18:38:26.127+02:00  INFO 12912 --- [unibet-service] [SpringApplicationShutdownHook] com.zaxxer.hikari.HikariDataSource       : HikariPool-1 - Shutdown initiated...
2025-01-11T18:38:26.137+02:00  INFO 12912 --- [unibet-service] [SpringApplicationShutdownHook] com.zaxxer.hikari.HikariDataSource       : HikariPool-1 - Shutdown completed.
2025-01-11T19:17:15.887+02:00  INFO 11084 --- [unibet-service] [main] com.example.demo.DemoApplication         : Starting DemoApplication using Java 21.0.2 with PID 11084 (C:\Users\crist\Downloads\demo\demo\target\classes started by Cristi in C:\Users\crist\Downloads\demo\demo)
2025-01-11T19:17:15.890+02:00  INFO 11084 --- [unibet-service] [main] com.example.demo.DemoApplication         : The following 1 profile is active: "unibet"
2025-01-11T19:17:16.844+02:00  INFO 11084 --- [unibet-service] [main] .s.d.r.c.RepositoryConfigurationDelegate : Bootstrapping Spring Data JPA repositories in DEFAULT mode.
2025-01-11T19:17:16.891+02:00  INFO 11084 --- [unibet-service] [main] .s.d.r.c.RepositoryConfigurationDelegate : Finished Spring Data repository scanning in 36 ms. Found 0 JPA repository interfaces.
2025-01-11T19:17:17.848+02:00  INFO 11084 --- [unibet-service] [main] o.s.b.w.embedded.tomcat.TomcatWebServer  : Tomcat initialized with port 8082 (http)
2025-01-11T19:17:17.882+02:00  INFO 11084 --- [unibet-service] [main] o.apache.catalina.core.StandardService   : Starting service [Tomcat]
2025-01-11T19:17:17.882+02:00  INFO 11084 --- [unibet-service] [main] o.apache.catalina.core.StandardEngine    : Starting Servlet engine: [Apache Tomcat/10.1.34]
2025-01-11T19:17:17.955+02:00  INFO 11084 --- [unibet-service] [main] o.a.c.c.C.[Tomcat].[localhost].[/]       : Initializing Spring embedded WebApplicationContext
2025-01-11T19:17:17.956+02:00  INFO 11084 --- [unibet-service] [main] w.s.c.ServletWebServerApplicationContext : Root WebApplicationContext: initialization completed in 2006 ms
2025-01-11T19:17:18.173+02:00  INFO 11084 --- [unibet-service] [main] o.hibernate.jpa.internal.util.LogHelper  : HHH000204: Processing PersistenceUnitInfo [name: default]
2025-01-11T19:17:18.281+02:00  INFO 11084 --- [unibet-service] [main] org.hibernate.Version                    : HHH000412: Hibernate ORM core version 6.6.4.Final
2025-01-11T19:17:18.323+02:00  INFO 11084 --- [unibet-service] [main] o.h.c.internal.RegionFactoryInitiator    : HHH000026: Second-level cache disabled
2025-01-11T19:17:18.663+02:00  INFO 11084 --- [unibet-service] [main] o.s.o.j.p.SpringPersistenceUnitInfo      : No LoadTimeWeaver setup: ignoring JPA class transformer
2025-01-11T19:17:18.701+02:00  INFO 11084 --- [unibet-service] [main] com.zaxxer.hikari.HikariDataSource       : HikariPool-1 - Starting...
2025-01-11T19:17:18.903+02:00  INFO 11084 --- [unibet-service] [main] com.zaxxer.hikari.pool.HikariPool        : HikariPool-1 - Added connection com.mysql.cj.jdbc.ConnectionImpl@3ef2b8e5
2025-01-11T19:17:18.906+02:00  INFO 11084 --- [unibet-service] [main] com.zaxxer.hikari.HikariDataSource       : HikariPool-1 - Start completed.
2025-01-11T19:17:18.971+02:00  WARN 11084 --- [unibet-service] [main] org.hibernate.dialect.Dialect            : HHH000511: The 5.5.5 version for [org.hibernate.dialect.MySQLDialect] is no longer supported, hence certain features may not work properly. The minimum supported version is 8.0.0. Check the community dialects project for available legacy versions.
2025-01-11T19:17:18.999+02:00  INFO 11084 --- [unibet-service] [main] org.hibernate.orm.connections.pooling    : HHH10001005: Database info:
	Database JDBC URL [Connecting through datasource 'HikariDataSource (HikariPool-1)']
	Database driver: undefined/unknown
	Database version: 5.5.5
	Autocommit mode: undefined/unknown
	Isolation level: undefined/unknown
	Minimum pool size: undefined/unknown
	Maximum pool size: undefined/unknown
2025-01-11T19:17:19.386+02:00  INFO 11084 --- [unibet-service] [main] o.h.e.t.j.p.i.JtaPlatformInitiator       : HHH000489: No JTA platform available (set 'hibernate.transaction.jta.platform' to enable JTA platform integration)
2025-01-11T19:17:19.392+02:00  INFO 11084 --- [unibet-service] [main] j.LocalContainerEntityManagerFactoryBean : Initialized JPA EntityManagerFactory for persistence unit 'default'
2025-01-11T19:17:19.868+02:00  WARN 11084 --- [unibet-service] [main] JpaBaseConfiguration$JpaWebConfiguration : spring.jpa.open-in-view is enabled by default. Therefore, database queries may be performed during view rendering. Explicitly configure spring.jpa.open-in-view to disable this warning
2025-01-11T19:17:20.376+02:00  INFO 11084 --- [unibet-service] [main] org.quartz.impl.StdSchedulerFactory      : Using default implementation for ThreadExecutor
2025-01-11T19:17:20.388+02:00  INFO 11084 --- [unibet-service] [main] org.quartz.core.SchedulerSignalerImpl    : Initialized Scheduler Signaller of type: class org.quartz.core.SchedulerSignalerImpl
2025-01-11T19:17:20.388+02:00  INFO 11084 --- [unibet-service] [main] org.quartz.core.QuartzScheduler          : Quartz Scheduler v.2.3.2 created.
2025-01-11T19:17:20.390+02:00  INFO 11084 --- [unibet-service] [main] org.quartz.simpl.RAMJobStore             : RAMJobStore initialized.
2025-01-11T19:17:20.391+02:00  INFO 11084 --- [unibet-service] [main] org.quartz.core.QuartzScheduler          : Scheduler meta-data: Quartz Scheduler (v2.3.2) 'quartzScheduler' with instanceId 'NON_CLUSTERED'
  Scheduler class: 'org.quartz.core.QuartzScheduler' - running locally.
  NOT STARTED.
  Currently in standby mode.
  Number of jobs executed: 0
  Using thread pool 'org.quartz.simpl.SimpleThreadPool' - with 10 threads.
  Using job-store 'org.quartz.simpl.RAMJobStore' - which does not support persistence. and is not clustered.

2025-01-11T19:17:20.392+02:00  INFO 11084 --- [unibet-service] [main] org.quartz.impl.StdSchedulerFactory      : Quartz scheduler 'quartzScheduler' initialized from an externally provided properties instance.
2025-01-11T19:17:20.392+02:00  INFO 11084 --- [unibet-service] [main] org.quartz.impl.StdSchedulerFactory      : Quartz scheduler version: 2.3.2
2025-01-11T19:17:20.393+02:00  INFO 11084 --- [unibet-service] [main] org.quartz.core.QuartzScheduler          : JobFactory set to: org.springframework.scheduling.quartz.SpringBeanJobFactory@3023f157
2025-01-11T19:17:20.507+02:00  INFO 11084 --- [unibet-service] [main] o.s.b.w.embedded.tomcat.TomcatWebServer  : Tomcat started on port 8082 (http) with context path '/'
2025-01-11T19:17:20.512+02:00  INFO 11084 --- [unibet-service] [main] o.s.a.r.c.CachingConnectionFactory       : Attempting to connect to: [localhost:5672]
2025-01-11T19:17:20.574+02:00  INFO 11084 --- [unibet-service] [main] o.s.a.r.c.CachingConnectionFactory       : Created new connection: rabbitConnectionFactory#7af9595d:0/SimpleConnection@ebff59d [delegate=amqp://guest@127.0.0.1:5672/, localPort=49541]
2025-01-11T19:17:20.599+02:00  INFO 11084 --- [unibet-service] [main] o.s.amqp.rabbit.core.RabbitAdmin         : Auto-declaring a non-durable, auto-delete, or exclusive Queue (superbetQueue) durable:false, auto-delete:false, exclusive:false. It will be redeclared if the broker stops and is restarted while the connection factory is alive, but all messages will be lost.
2025-01-11T19:17:20.600+02:00  INFO 11084 --- [unibet-service] [main] o.s.amqp.rabbit.core.RabbitAdmin         : Auto-declaring a non-durable, auto-delete, or exclusive Queue (unibetQueue) durable:false, auto-delete:false, exclusive:false. It will be redeclared if the broker stops and is restarted while the connection factory is alive, but all messages will be lost.
2025-01-11T19:17:20.600+02:00  INFO 11084 --- [unibet-service] [main] o.s.amqp.rabbit.core.RabbitAdmin         : Auto-declaring a non-durable, auto-delete, or exclusive Queue (unibetResponseQueue) durable:false, auto-delete:false, exclusive:false. It will be redeclared if the broker stops and is restarted while the connection factory is alive, but all messages will be lost.
2025-01-11T19:17:20.600+02:00  INFO 11084 --- [unibet-service] [main] o.s.amqp.rabbit.core.RabbitAdmin         : Auto-declaring a non-durable, auto-delete, or exclusive Queue (superbetWorkerQueue) durable:false, auto-delete:false, exclusive:false. It will be redeclared if the broker stops and is restarted while the connection factory is alive, but all messages will be lost.
2025-01-11T19:17:20.600+02:00  INFO 11084 --- [unibet-service] [main] o.s.amqp.rabbit.core.RabbitAdmin         : Auto-declaring a non-durable, auto-delete, or exclusive Queue (unibetWorkerQueue) durable:false, auto-delete:false, exclusive:false. It will be redeclared if the broker stops and is restarted while the connection factory is alive, but all messages will be lost.
2025-01-11T19:17:20.678+02:00  INFO 11084 --- [unibet-service] [main] o.s.s.quartz.SchedulerFactoryBean        : Starting Quartz Scheduler now
2025-01-11T19:17:20.678+02:00  INFO 11084 --- [unibet-service] [main] org.quartz.core.QuartzScheduler          : Scheduler quartzScheduler_$_NON_CLUSTERED started.
2025-01-11T19:17:20.690+02:00  INFO 11084 --- [unibet-service] [main] com.example.demo.DemoApplication         : Started DemoApplication in 5.459 seconds (process running for 6.007)
2025-01-11T19:18:01.461+02:00  INFO 11084 --- [unibet-service] [org.springframework.amqp.rabbit.RabbitListenerEndpointContainer#0-2] o.s.a.r.l.SimpleMessageListenerContainer : Waiting for workers to finish.
2025-01-11T19:18:01.468+02:00  INFO 11084 --- [unibet-service] [SpringApplicationShutdownHook] org.quartz.core.QuartzScheduler          : Scheduler quartzScheduler_$_NON_CLUSTERED paused.
2025-01-11T19:18:01.468+02:00  INFO 11084 --- [unibet-service] [org.springframework.amqp.rabbit.RabbitListenerEndpointContainer#1-4] o.s.a.r.l.SimpleMessageListenerContainer : Waiting for workers to finish.
2025-01-11T19:18:01.725+02:00  INFO 11084 --- [unibet-service] [org.springframework.amqp.rabbit.RabbitListenerEndpointContainer#0-2] o.s.a.r.l.SimpleMessageListenerContainer : Successfully waited for workers to finish.
2025-01-11T19:18:01.916+02:00  INFO 11084 --- [unibet-service] [org.springframework.amqp.rabbit.RabbitListenerEndpointContainer#1-4] o.s.a.r.l.SimpleMessageListenerContainer : Successfully waited for workers to finish.
2025-01-11T19:18:01.918+02:00  INFO 11084 --- [unibet-service] [SpringApplicationShutdownHook] o.s.b.w.e.tomcat.GracefulShutdown        : Commencing graceful shutdown. Waiting for active requests to complete
2025-01-11T19:18:01.931+02:00  INFO 11084 --- [unibet-service] [tomcat-shutdown] o.s.b.w.e.tomcat.GracefulShutdown        : Graceful shutdown complete
2025-01-11T19:18:01.943+02:00  INFO 11084 --- [unibet-service] [SpringApplicationShutdownHook] o.s.s.quartz.SchedulerFactoryBean        : Shutting down Quartz Scheduler
2025-01-11T19:18:01.943+02:00  INFO 11084 --- [unibet-service] [SpringApplicationShutdownHook] org.quartz.core.QuartzScheduler          : Scheduler quartzScheduler_$_NON_CLUSTERED shutting down.
2025-01-11T19:18:01.943+02:00  INFO 11084 --- [unibet-service] [SpringApplicationShutdownHook] org.quartz.core.QuartzScheduler          : Scheduler quartzScheduler_$_NON_CLUSTERED paused.
2025-01-11T19:18:01.944+02:00  INFO 11084 --- [unibet-service] [SpringApplicationShutdownHook] org.quartz.core.QuartzScheduler          : Scheduler quartzScheduler_$_NON_CLUSTERED shutdown complete.
2025-01-11T19:18:01.947+02:00  INFO 11084 --- [unibet-service] [SpringApplicationShutdownHook] j.LocalContainerEntityManagerFactoryBean : Closing JPA EntityManagerFactory for persistence unit 'default'
2025-01-11T19:18:01.949+02:00  INFO 11084 --- [unibet-service] [SpringApplicationShutdownHook] com.zaxxer.hikari.HikariDataSource       : HikariPool-1 - Shutdown initiated...
2025-01-11T19:18:01.959+02:00  INFO 11084 --- [unibet-service] [SpringApplicationShutdownHook] com.zaxxer.hikari.HikariDataSource       : HikariPool-1 - Shutdown completed.
2025-01-11T19:18:48.803+02:00  INFO 4452 --- [unibet-service] [main] com.example.demo.DemoApplication         : Starting DemoApplication using Java 21.0.2 with PID 4452 (C:\Users\crist\Downloads\demo\demo\target\classes started by Cristi in C:\Users\crist\Downloads\demo\demo)
2025-01-11T19:18:48.806+02:00  INFO 4452 --- [unibet-service] [main] com.example.demo.DemoApplication         : The following 1 profile is active: "unibet"
2025-01-11T19:18:49.720+02:00  INFO 4452 --- [unibet-service] [main] .s.d.r.c.RepositoryConfigurationDelegate : Bootstrapping Spring Data JPA repositories in DEFAULT mode.
2025-01-11T19:18:49.752+02:00  INFO 4452 --- [unibet-service] [main] .s.d.r.c.RepositoryConfigurationDelegate : Finished Spring Data repository scanning in 21 ms. Found 0 JPA repository interfaces.
2025-01-11T19:18:50.582+02:00  INFO 4452 --- [unibet-service] [main] o.s.b.w.embedded.tomcat.TomcatWebServer  : Tomcat initialized with port 8082 (http)
2025-01-11T19:18:50.601+02:00  INFO 4452 --- [unibet-service] [main] o.apache.catalina.core.StandardService   : Starting service [Tomcat]
2025-01-11T19:18:50.602+02:00  INFO 4452 --- [unibet-service] [main] o.apache.catalina.core.StandardEngine    : Starting Servlet engine: [Apache Tomcat/10.1.34]
2025-01-11T19:18:50.680+02:00  INFO 4452 --- [unibet-service] [main] o.a.c.c.C.[Tomcat].[localhost].[/]       : Initializing Spring embedded WebApplicationContext
2025-01-11T19:18:50.680+02:00  INFO 4452 --- [unibet-service] [main] w.s.c.ServletWebServerApplicationContext : Root WebApplicationContext: initialization completed in 1812 ms
2025-01-11T19:18:50.933+02:00  INFO 4452 --- [unibet-service] [main] o.hibernate.jpa.internal.util.LogHelper  : HHH000204: Processing PersistenceUnitInfo [name: default]
2025-01-11T19:18:51.015+02:00  INFO 4452 --- [unibet-service] [main] org.hibernate.Version                    : HHH000412: Hibernate ORM core version 6.6.4.Final
2025-01-11T19:18:51.058+02:00  INFO 4452 --- [unibet-service] [main] o.h.c.internal.RegionFactoryInitiator    : HHH000026: Second-level cache disabled
2025-01-11T19:18:51.410+02:00  INFO 4452 --- [unibet-service] [main] o.s.o.j.p.SpringPersistenceUnitInfo      : No LoadTimeWeaver setup: ignoring JPA class transformer
2025-01-11T19:18:51.449+02:00  INFO 4452 --- [unibet-service] [main] com.zaxxer.hikari.HikariDataSource       : HikariPool-1 - Starting...
2025-01-11T19:18:51.649+02:00  INFO 4452 --- [unibet-service] [main] com.zaxxer.hikari.pool.HikariPool        : HikariPool-1 - Added connection com.mysql.cj.jdbc.ConnectionImpl@3ef2b8e5
2025-01-11T19:18:51.652+02:00  INFO 4452 --- [unibet-service] [main] com.zaxxer.hikari.HikariDataSource       : HikariPool-1 - Start completed.
2025-01-11T19:18:51.719+02:00  WARN 4452 --- [unibet-service] [main] org.hibernate.dialect.Dialect            : HHH000511: The 5.5.5 version for [org.hibernate.dialect.MySQLDialect] is no longer supported, hence certain features may not work properly. The minimum supported version is 8.0.0. Check the community dialects project for available legacy versions.
2025-01-11T19:18:51.747+02:00  INFO 4452 --- [unibet-service] [main] org.hibernate.orm.connections.pooling    : HHH10001005: Database info:
	Database JDBC URL [Connecting through datasource 'HikariDataSource (HikariPool-1)']
	Database driver: undefined/unknown
	Database version: 5.5.5
	Autocommit mode: undefined/unknown
	Isolation level: undefined/unknown
	Minimum pool size: undefined/unknown
	Maximum pool size: undefined/unknown
2025-01-11T19:18:52.183+02:00  INFO 4452 --- [unibet-service] [main] o.h.e.t.j.p.i.JtaPlatformInitiator       : HHH000489: No JTA platform available (set 'hibernate.transaction.jta.platform' to enable JTA platform integration)
2025-01-11T19:18:52.191+02:00  INFO 4452 --- [unibet-service] [main] j.LocalContainerEntityManagerFactoryBean : Initialized JPA EntityManagerFactory for persistence unit 'default'
2025-01-11T19:18:52.589+02:00  WARN 4452 --- [unibet-service] [main] JpaBaseConfiguration$JpaWebConfiguration : spring.jpa.open-in-view is enabled by default. Therefore, database queries may be performed during view rendering. Explicitly configure spring.jpa.open-in-view to disable this warning
2025-01-11T19:18:53.052+02:00  INFO 4452 --- [unibet-service] [main] org.quartz.impl.StdSchedulerFactory      : Using default implementation for ThreadExecutor
2025-01-11T19:18:53.064+02:00  INFO 4452 --- [unibet-service] [main] org.quartz.core.SchedulerSignalerImpl    : Initialized Scheduler Signaller of type: class org.quartz.core.SchedulerSignalerImpl
2025-01-11T19:18:53.065+02:00  INFO 4452 --- [unibet-service] [main] org.quartz.core.QuartzScheduler          : Quartz Scheduler v.2.3.2 created.
2025-01-11T19:18:53.066+02:00  INFO 4452 --- [unibet-service] [main] org.quartz.simpl.RAMJobStore             : RAMJobStore initialized.
2025-01-11T19:18:53.067+02:00  INFO 4452 --- [unibet-service] [main] org.quartz.core.QuartzScheduler          : Scheduler meta-data: Quartz Scheduler (v2.3.2) 'quartzScheduler' with instanceId 'NON_CLUSTERED'
  Scheduler class: 'org.quartz.core.QuartzScheduler' - running locally.
  NOT STARTED.
  Currently in standby mode.
  Number of jobs executed: 0
  Using thread pool 'org.quartz.simpl.SimpleThreadPool' - with 10 threads.
  Using job-store 'org.quartz.simpl.RAMJobStore' - which does not support persistence. and is not clustered.

2025-01-11T19:18:53.068+02:00  INFO 4452 --- [unibet-service] [main] org.quartz.impl.StdSchedulerFactory      : Quartz scheduler 'quartzScheduler' initialized from an externally provided properties instance.
2025-01-11T19:18:53.069+02:00  INFO 4452 --- [unibet-service] [main] org.quartz.impl.StdSchedulerFactory      : Quartz scheduler version: 2.3.2
2025-01-11T19:18:53.069+02:00  INFO 4452 --- [unibet-service] [main] org.quartz.core.QuartzScheduler          : JobFactory set to: org.springframework.scheduling.quartz.SpringBeanJobFactory@2a30b0cb
2025-01-11T19:18:53.172+02:00  INFO 4452 --- [unibet-service] [main] o.s.b.w.embedded.tomcat.TomcatWebServer  : Tomcat started on port 8082 (http) with context path '/'
2025-01-11T19:18:53.177+02:00  INFO 4452 --- [unibet-service] [main] o.s.a.r.c.CachingConnectionFactory       : Attempting to connect to: [localhost:5672]
2025-01-11T19:18:53.241+02:00  INFO 4452 --- [unibet-service] [main] o.s.a.r.c.CachingConnectionFactory       : Created new connection: rabbitConnectionFactory#433ae0b0:0/SimpleConnection@cfc4601 [delegate=amqp://guest@127.0.0.1:5672/, localPort=49575]
2025-01-11T19:18:53.264+02:00  INFO 4452 --- [unibet-service] [main] o.s.amqp.rabbit.core.RabbitAdmin         : Auto-declaring a non-durable, auto-delete, or exclusive Queue (superbetQueue) durable:false, auto-delete:false, exclusive:false. It will be redeclared if the broker stops and is restarted while the connection factory is alive, but all messages will be lost.
2025-01-11T19:18:53.264+02:00  INFO 4452 --- [unibet-service] [main] o.s.amqp.rabbit.core.RabbitAdmin         : Auto-declaring a non-durable, auto-delete, or exclusive Queue (unibetQueue) durable:false, auto-delete:false, exclusive:false. It will be redeclared if the broker stops and is restarted while the connection factory is alive, but all messages will be lost.
2025-01-11T19:18:53.265+02:00  INFO 4452 --- [unibet-service] [main] o.s.amqp.rabbit.core.RabbitAdmin         : Auto-declaring a non-durable, auto-delete, or exclusive Queue (unibetResponseQueue) durable:false, auto-delete:false, exclusive:false. It will be redeclared if the broker stops and is restarted while the connection factory is alive, but all messages will be lost.
2025-01-11T19:18:53.265+02:00  INFO 4452 --- [unibet-service] [main] o.s.amqp.rabbit.core.RabbitAdmin         : Auto-declaring a non-durable, auto-delete, or exclusive Queue (superbetWorkerQueue) durable:false, auto-delete:false, exclusive:false. It will be redeclared if the broker stops and is restarted while the connection factory is alive, but all messages will be lost.
2025-01-11T19:18:53.265+02:00  INFO 4452 --- [unibet-service] [main] o.s.amqp.rabbit.core.RabbitAdmin         : Auto-declaring a non-durable, auto-delete, or exclusive Queue (unibetWorkerQueue) durable:false, auto-delete:false, exclusive:false. It will be redeclared if the broker stops and is restarted while the connection factory is alive, but all messages will be lost.
2025-01-11T19:18:53.377+02:00  INFO 4452 --- [unibet-service] [main] o.s.s.quartz.SchedulerFactoryBean        : Starting Quartz Scheduler now
2025-01-11T19:18:53.378+02:00  INFO 4452 --- [unibet-service] [main] org.quartz.core.QuartzScheduler          : Scheduler quartzScheduler_$_NON_CLUSTERED started.
2025-01-11T19:18:53.410+02:00  INFO 4452 --- [unibet-service] [main] com.example.demo.DemoApplication         : Started DemoApplication in 5.197 seconds (process running for 5.688)
2025-01-11T19:19:09.947+02:00  INFO 4452 --- [unibet-service] [org.springframework.amqp.rabbit.RabbitListenerEndpointContainer#0-2] o.s.a.r.l.SimpleMessageListenerContainer : Waiting for workers to finish.
2025-01-11T19:19:09.949+02:00  INFO 4452 --- [unibet-service] [SpringApplicationShutdownHook] org.quartz.core.QuartzScheduler          : Scheduler quartzScheduler_$_NON_CLUSTERED paused.
2025-01-11T19:19:09.950+02:00  INFO 4452 --- [unibet-service] [org.springframework.amqp.rabbit.RabbitListenerEndpointContainer#1-4] o.s.a.r.l.SimpleMessageListenerContainer : Waiting for workers to finish.
2025-01-11T19:19:10.387+02:00  INFO 4452 --- [unibet-service] [org.springframework.amqp.rabbit.RabbitListenerEndpointContainer#0-2] o.s.a.r.l.SimpleMessageListenerContainer : Successfully waited for workers to finish.
2025-01-11T19:19:10.846+02:00  INFO 4452 --- [unibet-service] [org.springframework.amqp.rabbit.RabbitListenerEndpointContainer#1-4] o.s.a.r.l.SimpleMessageListenerContainer : Successfully waited for workers to finish.
2025-01-11T19:19:10.848+02:00  INFO 4452 --- [unibet-service] [SpringApplicationShutdownHook] o.s.b.w.e.tomcat.GracefulShutdown        : Commencing graceful shutdown. Waiting for active requests to complete
2025-01-11T19:19:10.869+02:00  INFO 4452 --- [unibet-service] [tomcat-shutdown] o.s.b.w.e.tomcat.GracefulShutdown        : Graceful shutdown complete
2025-01-11T19:19:10.884+02:00  INFO 4452 --- [unibet-service] [SpringApplicationShutdownHook] o.s.s.quartz.SchedulerFactoryBean        : Shutting down Quartz Scheduler
2025-01-11T19:19:10.884+02:00  INFO 4452 --- [unibet-service] [SpringApplicationShutdownHook] org.quartz.core.QuartzScheduler          : Scheduler quartzScheduler_$_NON_CLUSTERED shutting down.
2025-01-11T19:19:10.885+02:00  INFO 4452 --- [unibet-service] [SpringApplicationShutdownHook] org.quartz.core.QuartzScheduler          : Scheduler quartzScheduler_$_NON_CLUSTERED paused.
2025-01-11T19:19:10.885+02:00  INFO 4452 --- [unibet-service] [SpringApplicationShutdownHook] org.quartz.core.QuartzScheduler          : Scheduler quartzScheduler_$_NON_CLUSTERED shutdown complete.
2025-01-11T19:19:10.891+02:00  INFO 4452 --- [unibet-service] [SpringApplicationShutdownHook] j.LocalContainerEntityManagerFactoryBean : Closing JPA EntityManagerFactory for persistence unit 'default'
2025-01-11T19:19:10.896+02:00  INFO 4452 --- [unibet-service] [SpringApplicationShutdownHook] com.zaxxer.hikari.HikariDataSource       : HikariPool-1 - Shutdown initiated...
2025-01-11T19:19:10.912+02:00  INFO 4452 --- [unibet-service] [SpringApplicationShutdownHook] com.zaxxer.hikari.HikariDataSource       : HikariPool-1 - Shutdown completed.
2025-01-11T19:21:00.365+02:00  INFO 8480 --- [unibet-service] [main] com.example.demo.DemoApplication         : Starting DemoApplication using Java 21.0.2 with PID 8480 (C:\Users\crist\Downloads\demo\demo\target\classes started by Cristi in C:\Users\crist\Downloads\demo\demo)
2025-01-11T19:21:00.369+02:00  INFO 8480 --- [unibet-service] [main] com.example.demo.DemoApplication         : The following 1 profile is active: "unibet"
2025-01-11T19:21:01.362+02:00  INFO 8480 --- [unibet-service] [main] .s.d.r.c.RepositoryConfigurationDelegate : Bootstrapping Spring Data JPA repositories in DEFAULT mode.
2025-01-11T19:21:01.403+02:00  INFO 8480 --- [unibet-service] [main] .s.d.r.c.RepositoryConfigurationDelegate : Finished Spring Data repository scanning in 26 ms. Found 0 JPA repository interfaces.
2025-01-11T19:21:02.137+02:00  INFO 8480 --- [unibet-service] [main] o.s.b.w.embedded.tomcat.TomcatWebServer  : Tomcat initialized with port 8082 (http)
2025-01-11T19:21:02.180+02:00  INFO 8480 --- [unibet-service] [main] o.apache.catalina.core.StandardService   : Starting service [Tomcat]
2025-01-11T19:21:02.181+02:00  INFO 8480 --- [unibet-service] [main] o.apache.catalina.core.StandardEngine    : Starting Servlet engine: [Apache Tomcat/10.1.34]
2025-01-11T19:21:02.265+02:00  INFO 8480 --- [unibet-service] [main] o.a.c.c.C.[Tomcat].[localhost].[/]       : Initializing Spring embedded WebApplicationContext
2025-01-11T19:21:02.265+02:00  INFO 8480 --- [unibet-service] [main] w.s.c.ServletWebServerApplicationContext : Root WebApplicationContext: initialization completed in 1817 ms
2025-01-11T19:21:02.480+02:00  INFO 8480 --- [unibet-service] [main] o.hibernate.jpa.internal.util.LogHelper  : HHH000204: Processing PersistenceUnitInfo [name: default]
2025-01-11T19:21:02.549+02:00  INFO 8480 --- [unibet-service] [main] org.hibernate.Version                    : HHH000412: Hibernate ORM core version 6.6.4.Final
2025-01-11T19:21:02.596+02:00  INFO 8480 --- [unibet-service] [main] o.h.c.internal.RegionFactoryInitiator    : HHH000026: Second-level cache disabled
2025-01-11T19:21:02.975+02:00  INFO 8480 --- [unibet-service] [main] o.s.o.j.p.SpringPersistenceUnitInfo      : No LoadTimeWeaver setup: ignoring JPA class transformer
2025-01-11T19:21:03.015+02:00  INFO 8480 --- [unibet-service] [main] com.zaxxer.hikari.HikariDataSource       : HikariPool-1 - Starting...
2025-01-11T19:21:03.346+02:00  INFO 8480 --- [unibet-service] [main] com.zaxxer.hikari.pool.HikariPool        : HikariPool-1 - Added connection com.mysql.cj.jdbc.ConnectionImpl@3ef2b8e5
2025-01-11T19:21:03.352+02:00  INFO 8480 --- [unibet-service] [main] com.zaxxer.hikari.HikariDataSource       : HikariPool-1 - Start completed.
2025-01-11T19:21:03.449+02:00  WARN 8480 --- [unibet-service] [main] org.hibernate.dialect.Dialect            : HHH000511: The 5.5.5 version for [org.hibernate.dialect.MySQLDialect] is no longer supported, hence certain features may not work properly. The minimum supported version is 8.0.0. Check the community dialects project for available legacy versions.
2025-01-11T19:21:03.525+02:00  INFO 8480 --- [unibet-service] [main] org.hibernate.orm.connections.pooling    : HHH10001005: Database info:
	Database JDBC URL [Connecting through datasource 'HikariDataSource (HikariPool-1)']
	Database driver: undefined/unknown
	Database version: 5.5.5
	Autocommit mode: undefined/unknown
	Isolation level: undefined/unknown
	Minimum pool size: undefined/unknown
	Maximum pool size: undefined/unknown
2025-01-11T19:21:04.639+02:00  INFO 8480 --- [unibet-service] [main] o.h.e.t.j.p.i.JtaPlatformInitiator       : HHH000489: No JTA platform available (set 'hibernate.transaction.jta.platform' to enable JTA platform integration)
2025-01-11T19:21:04.655+02:00  INFO 8480 --- [unibet-service] [main] j.LocalContainerEntityManagerFactoryBean : Initialized JPA EntityManagerFactory for persistence unit 'default'
2025-01-11T19:21:05.371+02:00  WARN 8480 --- [unibet-service] [main] JpaBaseConfiguration$JpaWebConfiguration : spring.jpa.open-in-view is enabled by default. Therefore, database queries may be performed during view rendering. Explicitly configure spring.jpa.open-in-view to disable this warning
2025-01-11T19:21:05.977+02:00  INFO 8480 --- [unibet-service] [main] org.quartz.impl.StdSchedulerFactory      : Using default implementation for ThreadExecutor
2025-01-11T19:21:05.991+02:00  INFO 8480 --- [unibet-service] [main] org.quartz.core.SchedulerSignalerImpl    : Initialized Scheduler Signaller of type: class org.quartz.core.SchedulerSignalerImpl
2025-01-11T19:21:05.992+02:00  INFO 8480 --- [unibet-service] [main] org.quartz.core.QuartzScheduler          : Quartz Scheduler v.2.3.2 created.
2025-01-11T19:21:05.993+02:00  INFO 8480 --- [unibet-service] [main] org.quartz.simpl.RAMJobStore             : RAMJobStore initialized.
2025-01-11T19:21:05.995+02:00  INFO 8480 --- [unibet-service] [main] org.quartz.core.QuartzScheduler          : Scheduler meta-data: Quartz Scheduler (v2.3.2) 'quartzScheduler' with instanceId 'NON_CLUSTERED'
  Scheduler class: 'org.quartz.core.QuartzScheduler' - running locally.
  NOT STARTED.
  Currently in standby mode.
  Number of jobs executed: 0
  Using thread pool 'org.quartz.simpl.SimpleThreadPool' - with 10 threads.
  Using job-store 'org.quartz.simpl.RAMJobStore' - which does not support persistence. and is not clustered.

2025-01-11T19:21:05.995+02:00  INFO 8480 --- [unibet-service] [main] org.quartz.impl.StdSchedulerFactory      : Quartz scheduler 'quartzScheduler' initialized from an externally provided properties instance.
2025-01-11T19:21:05.996+02:00  INFO 8480 --- [unibet-service] [main] org.quartz.impl.StdSchedulerFactory      : Quartz scheduler version: 2.3.2
2025-01-11T19:21:05.996+02:00  INFO 8480 --- [unibet-service] [main] org.quartz.core.QuartzScheduler          : JobFactory set to: org.springframework.scheduling.quartz.SpringBeanJobFactory@3023f157
2025-01-11T19:21:06.100+02:00  INFO 8480 --- [unibet-service] [main] o.s.b.w.embedded.tomcat.TomcatWebServer  : Tomcat started on port 8082 (http) with context path '/'
2025-01-11T19:21:06.106+02:00  INFO 8480 --- [unibet-service] [main] o.s.a.r.c.CachingConnectionFactory       : Attempting to connect to: [localhost:5672]
2025-01-11T19:21:06.166+02:00  INFO 8480 --- [unibet-service] [main] o.s.a.r.c.CachingConnectionFactory       : Created new connection: rabbitConnectionFactory#7af9595d:0/SimpleConnection@ebff59d [delegate=amqp://guest@127.0.0.1:5672/, localPort=49614]
2025-01-11T19:21:06.193+02:00  INFO 8480 --- [unibet-service] [main] o.s.amqp.rabbit.core.RabbitAdmin         : Auto-declaring a non-durable, auto-delete, or exclusive Queue (superbetQueue) durable:false, auto-delete:false, exclusive:false. It will be redeclared if the broker stops and is restarted while the connection factory is alive, but all messages will be lost.
2025-01-11T19:21:06.193+02:00  INFO 8480 --- [unibet-service] [main] o.s.amqp.rabbit.core.RabbitAdmin         : Auto-declaring a non-durable, auto-delete, or exclusive Queue (unibetQueue) durable:false, auto-delete:false, exclusive:false. It will be redeclared if the broker stops and is restarted while the connection factory is alive, but all messages will be lost.
2025-01-11T19:21:06.194+02:00  INFO 8480 --- [unibet-service] [main] o.s.amqp.rabbit.core.RabbitAdmin         : Auto-declaring a non-durable, auto-delete, or exclusive Queue (unibetResponseQueue) durable:false, auto-delete:false, exclusive:false. It will be redeclared if the broker stops and is restarted while the connection factory is alive, but all messages will be lost.
2025-01-11T19:21:06.194+02:00  INFO 8480 --- [unibet-service] [main] o.s.amqp.rabbit.core.RabbitAdmin         : Auto-declaring a non-durable, auto-delete, or exclusive Queue (superbetWorkerQueue) durable:false, auto-delete:false, exclusive:false. It will be redeclared if the broker stops and is restarted while the connection factory is alive, but all messages will be lost.
2025-01-11T19:21:06.194+02:00  INFO 8480 --- [unibet-service] [main] o.s.amqp.rabbit.core.RabbitAdmin         : Auto-declaring a non-durable, auto-delete, or exclusive Queue (unibetWorkerQueue) durable:false, auto-delete:false, exclusive:false. It will be redeclared if the broker stops and is restarted while the connection factory is alive, but all messages will be lost.
2025-01-11T19:21:06.287+02:00  INFO 8480 --- [unibet-service] [main] o.s.s.quartz.SchedulerFactoryBean        : Starting Quartz Scheduler now
2025-01-11T19:21:06.287+02:00  INFO 8480 --- [unibet-service] [main] org.quartz.core.QuartzScheduler          : Scheduler quartzScheduler_$_NON_CLUSTERED started.
2025-01-11T19:21:06.302+02:00  INFO 8480 --- [unibet-service] [main] com.example.demo.DemoApplication         : Started DemoApplication in 6.581 seconds (process running for 7.089)
2025-01-11T19:21:28.512+02:00  INFO 8480 --- [unibet-service] [org.springframework.amqp.rabbit.RabbitListenerEndpointContainer#0-2] o.s.a.r.l.SimpleMessageListenerContainer : Waiting for workers to finish.
2025-01-11T19:21:28.515+02:00  INFO 8480 --- [unibet-service] [SpringApplicationShutdownHook] org.quartz.core.QuartzScheduler          : Scheduler quartzScheduler_$_NON_CLUSTERED paused.
2025-01-11T19:21:28.515+02:00  INFO 8480 --- [unibet-service] [org.springframework.amqp.rabbit.RabbitListenerEndpointContainer#1-4] o.s.a.r.l.SimpleMessageListenerContainer : Waiting for workers to finish.
2025-01-11T19:21:29.303+02:00  INFO 8480 --- [unibet-service] [org.springframework.amqp.rabbit.RabbitListenerEndpointContainer#0-2] o.s.a.r.l.SimpleMessageListenerContainer : Successfully waited for workers to finish.
2025-01-11T19:21:29.469+02:00  INFO 8480 --- [unibet-service] [org.springframework.amqp.rabbit.RabbitListenerEndpointContainer#1-4] o.s.a.r.l.SimpleMessageListenerContainer : Successfully waited for workers to finish.
2025-01-11T19:21:29.471+02:00  INFO 8480 --- [unibet-service] [SpringApplicationShutdownHook] o.s.b.w.e.tomcat.GracefulShutdown        : Commencing graceful shutdown. Waiting for active requests to complete
2025-01-11T19:21:29.484+02:00  INFO 8480 --- [unibet-service] [tomcat-shutdown] o.s.b.w.e.tomcat.GracefulShutdown        : Graceful shutdown complete
2025-01-11T19:21:29.492+02:00  INFO 8480 --- [unibet-service] [SpringApplicationShutdownHook] o.s.s.quartz.SchedulerFactoryBean        : Shutting down Quartz Scheduler
2025-01-11T19:21:29.492+02:00  INFO 8480 --- [unibet-service] [SpringApplicationShutdownHook] org.quartz.core.QuartzScheduler          : Scheduler quartzScheduler_$_NON_CLUSTERED shutting down.
2025-01-11T19:21:29.493+02:00  INFO 8480 --- [unibet-service] [SpringApplicationShutdownHook] org.quartz.core.QuartzScheduler          : Scheduler quartzScheduler_$_NON_CLUSTERED paused.
2025-01-11T19:21:29.493+02:00  INFO 8480 --- [unibet-service] [SpringApplicationShutdownHook] org.quartz.core.QuartzScheduler          : Scheduler quartzScheduler_$_NON_CLUSTERED shutdown complete.
2025-01-11T19:21:29.497+02:00  INFO 8480 --- [unibet-service] [SpringApplicationShutdownHook] j.LocalContainerEntityManagerFactoryBean : Closing JPA EntityManagerFactory for persistence unit 'default'
2025-01-11T19:21:29.500+02:00  INFO 8480 --- [unibet-service] [SpringApplicationShutdownHook] com.zaxxer.hikari.HikariDataSource       : HikariPool-1 - Shutdown initiated...
2025-01-11T19:21:29.509+02:00  INFO 8480 --- [unibet-service] [SpringApplicationShutdownHook] com.zaxxer.hikari.HikariDataSource       : HikariPool-1 - Shutdown completed.
2025-01-11T19:28:09.707+02:00  INFO 22252 --- [unibet-service] [main] com.example.demo.DemoApplication         : Starting DemoApplication using Java 21.0.2 with PID 22252 (C:\Users\crist\Downloads\demo\demo\target\classes started by Cristi in C:\Users\crist\Downloads\demo\demo)
2025-01-11T19:28:09.710+02:00  INFO 22252 --- [unibet-service] [main] com.example.demo.DemoApplication         : The following 1 profile is active: "unibet"
2025-01-11T19:28:10.577+02:00  INFO 22252 --- [unibet-service] [main] .s.d.r.c.RepositoryConfigurationDelegate : Bootstrapping Spring Data JPA repositories in DEFAULT mode.
2025-01-11T19:28:10.611+02:00  INFO 22252 --- [unibet-service] [main] .s.d.r.c.RepositoryConfigurationDelegate : Finished Spring Data repository scanning in 21 ms. Found 0 JPA repository interfaces.
2025-01-11T19:28:11.302+02:00  INFO 22252 --- [unibet-service] [main] o.s.b.w.embedded.tomcat.TomcatWebServer  : Tomcat initialized with port 8082 (http)
2025-01-11T19:28:11.322+02:00  INFO 22252 --- [unibet-service] [main] o.apache.catalina.core.StandardService   : Starting service [Tomcat]
2025-01-11T19:28:11.323+02:00  INFO 22252 --- [unibet-service] [main] o.apache.catalina.core.StandardEngine    : Starting Servlet engine: [Apache Tomcat/10.1.34]
2025-01-11T19:28:11.394+02:00  INFO 22252 --- [unibet-service] [main] o.a.c.c.C.[Tomcat].[localhost].[/]       : Initializing Spring embedded WebApplicationContext
2025-01-11T19:28:11.394+02:00  INFO 22252 --- [unibet-service] [main] w.s.c.ServletWebServerApplicationContext : Root WebApplicationContext: initialization completed in 1624 ms
2025-01-11T19:28:11.472+02:00  WARN 22252 --- [unibet-service] [main] ConfigServletWebServerApplicationContext : Exception encountered during context initialization - cancelling refresh attempt: org.springframework.beans.factory.BeanCreationException: Error creating bean with name 'entityManagerFactory' defined in class path resource [org/springframework/boot/autoconfigure/orm/jpa/HibernateJpaConfiguration.class]: Failed to initialize dependency 'dataSourceScriptDatabaseInitializer' of LoadTimeWeaverAware bean 'entityManagerFactory': Error creating bean with name 'dataSourceScriptDatabaseInitializer' defined in class path resource [org/springframework/boot/autoconfigure/sql/init/DataSourceInitializationConfiguration.class]: Unsatisfied dependency expressed through method 'dataSourceScriptDatabaseInitializer' parameter 0: Error creating bean with name 'dataSource' defined in class path resource [org/springframework/boot/autoconfigure/jdbc/DataSourceConfiguration$Hikari.class]: Failed to instantiate [com.zaxxer.hikari.HikariDataSource]: Factory method 'dataSource' threw exception with message: Failed to determine a suitable driver class
2025-01-11T19:28:11.476+02:00  INFO 22252 --- [unibet-service] [main] o.apache.catalina.core.StandardService   : Stopping service [Tomcat]
2025-01-11T19:28:11.499+02:00  INFO 22252 --- [unibet-service] [main] .s.b.a.l.ConditionEvaluationReportLogger : 

Error starting ApplicationContext. To display the condition evaluation report re-run your application with 'debug' enabled.
2025-01-11T19:28:11.525+02:00 ERROR 22252 --- [unibet-service] [main] o.s.b.d.LoggingFailureAnalysisReporter   : 

***************************
APPLICATION FAILED TO START
***************************

Description:

Failed to configure a DataSource: 'url' attribute is not specified and no embedded datasource could be configured.

Reason: Failed to determine a suitable driver class


Action:

Consider the following:
	If you want an embedded database (H2, HSQL or Derby), please put it on the classpath.
	If you have database settings to be loaded from a particular profile you may need to activate it (the profiles unibet are currently active).

2025-01-11T19:28:42.528+02:00  INFO 19580 --- [unibet-service] [main] com.example.demo.DemoApplication         : Starting DemoApplication using Java 21.0.2 with PID 19580 (C:\Users\crist\Downloads\demo\demo\target\classes started by Cristi in C:\Users\crist\Downloads\demo\demo)
2025-01-11T19:28:42.531+02:00  INFO 19580 --- [unibet-service] [main] com.example.demo.DemoApplication         : The following 1 profile is active: "unibet"
2025-01-11T19:28:43.475+02:00  INFO 19580 --- [unibet-service] [main] .s.d.r.c.RepositoryConfigurationDelegate : Bootstrapping Spring Data JPA repositories in DEFAULT mode.
2025-01-11T19:28:43.507+02:00  INFO 19580 --- [unibet-service] [main] .s.d.r.c.RepositoryConfigurationDelegate : Finished Spring Data repository scanning in 20 ms. Found 0 JPA repository interfaces.
2025-01-11T19:28:44.251+02:00  INFO 19580 --- [unibet-service] [main] o.s.b.w.embedded.tomcat.TomcatWebServer  : Tomcat initialized with port 8082 (http)
2025-01-11T19:28:44.270+02:00  INFO 19580 --- [unibet-service] [main] o.apache.catalina.core.StandardService   : Starting service [Tomcat]
2025-01-11T19:28:44.271+02:00  INFO 19580 --- [unibet-service] [main] o.apache.catalina.core.StandardEngine    : Starting Servlet engine: [Apache Tomcat/10.1.34]
2025-01-11T19:28:44.347+02:00  INFO 19580 --- [unibet-service] [main] o.a.c.c.C.[Tomcat].[localhost].[/]       : Initializing Spring embedded WebApplicationContext
2025-01-11T19:28:44.348+02:00  INFO 19580 --- [unibet-service] [main] w.s.c.ServletWebServerApplicationContext : Root WebApplicationContext: initialization completed in 1755 ms
2025-01-11T19:28:44.426+02:00  WARN 19580 --- [unibet-service] [main] ConfigServletWebServerApplicationContext : Exception encountered during context initialization - cancelling refresh attempt: org.springframework.beans.factory.BeanCreationException: Error creating bean with name 'entityManagerFactory' defined in class path resource [org/springframework/boot/autoconfigure/orm/jpa/HibernateJpaConfiguration.class]: Failed to initialize dependency 'dataSourceScriptDatabaseInitializer' of LoadTimeWeaverAware bean 'entityManagerFactory': Error creating bean with name 'dataSourceScriptDatabaseInitializer' defined in class path resource [org/springframework/boot/autoconfigure/sql/init/DataSourceInitializationConfiguration.class]: Unsatisfied dependency expressed through method 'dataSourceScriptDatabaseInitializer' parameter 0: Error creating bean with name 'dataSource' defined in class path resource [org/springframework/boot/autoconfigure/jdbc/DataSourceConfiguration$Hikari.class]: Failed to instantiate [com.zaxxer.hikari.HikariDataSource]: Factory method 'dataSource' threw exception with message: Failed to determine a suitable driver class
2025-01-11T19:28:44.430+02:00  INFO 19580 --- [unibet-service] [main] o.apache.catalina.core.StandardService   : Stopping service [Tomcat]
2025-01-11T19:28:44.449+02:00  INFO 19580 --- [unibet-service] [main] .s.b.a.l.ConditionEvaluationReportLogger : 

Error starting ApplicationContext. To display the condition evaluation report re-run your application with 'debug' enabled.
2025-01-11T19:28:44.472+02:00 ERROR 19580 --- [unibet-service] [main] o.s.b.d.LoggingFailureAnalysisReporter   : 

***************************
APPLICATION FAILED TO START
***************************

Description:

Failed to configure a DataSource: 'url' attribute is not specified and no embedded datasource could be configured.

Reason: Failed to determine a suitable driver class


Action:

Consider the following:
	If you want an embedded database (H2, HSQL or Derby), please put it on the classpath.
	If you have database settings to be loaded from a particular profile you may need to activate it (the profiles unibet are currently active).

2025-01-11T19:30:35.038+02:00  INFO 25544 --- [unibet-service] [main] com.example.demo.DemoApplication         : Starting DemoApplication using Java 21.0.2 with PID 25544 (C:\Users\crist\Downloads\demo\demo\target\classes started by Cristi in C:\Users\crist\Downloads\demo\demo)
2025-01-11T19:30:35.042+02:00  INFO 25544 --- [unibet-service] [main] com.example.demo.DemoApplication         : The following 1 profile is active: "unibet"
2025-01-11T19:30:36.498+02:00  INFO 25544 --- [unibet-service] [main] o.s.b.w.embedded.tomcat.TomcatWebServer  : Tomcat initialized with port 8082 (http)
2025-01-11T19:30:36.518+02:00  INFO 25544 --- [unibet-service] [main] o.apache.catalina.core.StandardService   : Starting service [Tomcat]
2025-01-11T19:30:36.519+02:00  INFO 25544 --- [unibet-service] [main] o.apache.catalina.core.StandardEngine    : Starting Servlet engine: [Apache Tomcat/10.1.34]
2025-01-11T19:30:36.597+02:00  INFO 25544 --- [unibet-service] [main] o.a.c.c.C.[Tomcat].[localhost].[/]       : Initializing Spring embedded WebApplicationContext
2025-01-11T19:30:36.598+02:00  INFO 25544 --- [unibet-service] [main] w.s.c.ServletWebServerApplicationContext : Root WebApplicationContext: initialization completed in 1494 ms
2025-01-11T19:30:37.356+02:00  INFO 25544 --- [unibet-service] [main] org.quartz.impl.StdSchedulerFactory      : Using default implementation for ThreadExecutor
2025-01-11T19:30:37.369+02:00  INFO 25544 --- [unibet-service] [main] org.quartz.core.SchedulerSignalerImpl    : Initialized Scheduler Signaller of type: class org.quartz.core.SchedulerSignalerImpl
2025-01-11T19:30:37.369+02:00  INFO 25544 --- [unibet-service] [main] org.quartz.core.QuartzScheduler          : Quartz Scheduler v.2.3.2 created.
2025-01-11T19:30:37.370+02:00  INFO 25544 --- [unibet-service] [main] org.quartz.simpl.RAMJobStore             : RAMJobStore initialized.
2025-01-11T19:30:37.371+02:00  INFO 25544 --- [unibet-service] [main] org.quartz.core.QuartzScheduler          : Scheduler meta-data: Quartz Scheduler (v2.3.2) 'quartzScheduler' with instanceId 'NON_CLUSTERED'
  Scheduler class: 'org.quartz.core.QuartzScheduler' - running locally.
  NOT STARTED.
  Currently in standby mode.
  Number of jobs executed: 0
  Using thread pool 'org.quartz.simpl.SimpleThreadPool' - with 10 threads.
  Using job-store 'org.quartz.simpl.RAMJobStore' - which does not support persistence. and is not clustered.

2025-01-11T19:30:37.372+02:00  INFO 25544 --- [unibet-service] [main] org.quartz.impl.StdSchedulerFactory      : Quartz scheduler 'quartzScheduler' initialized from an externally provided properties instance.
2025-01-11T19:30:37.373+02:00  INFO 25544 --- [unibet-service] [main] org.quartz.impl.StdSchedulerFactory      : Quartz scheduler version: 2.3.2
2025-01-11T19:30:37.373+02:00  INFO 25544 --- [unibet-service] [main] org.quartz.core.QuartzScheduler          : JobFactory set to: org.springframework.scheduling.quartz.SpringBeanJobFactory@7675c171
2025-01-11T19:30:37.481+02:00  INFO 25544 --- [unibet-service] [main] o.s.b.w.embedded.tomcat.TomcatWebServer  : Tomcat started on port 8082 (http) with context path '/'
2025-01-11T19:30:37.487+02:00  INFO 25544 --- [unibet-service] [main] o.s.a.r.c.CachingConnectionFactory       : Attempting to connect to: [localhost:5672]
2025-01-11T19:30:37.565+02:00  INFO 25544 --- [unibet-service] [main] o.s.a.r.c.CachingConnectionFactory       : Created new connection: rabbitConnectionFactory#1a1cc163:0/SimpleConnection@16d431b4 [delegate=amqp://guest@127.0.0.1:5672/, localPort=49730]
2025-01-11T19:30:37.576+02:00  INFO 25544 --- [unibet-service] [main] o.s.amqp.rabbit.core.RabbitAdmin         : Auto-declaring a non-durable, auto-delete, or exclusive Queue (superbetQueue) durable:false, auto-delete:false, exclusive:false. It will be redeclared if the broker stops and is restarted while the connection factory is alive, but all messages will be lost.
2025-01-11T19:30:37.577+02:00  INFO 25544 --- [unibet-service] [main] o.s.amqp.rabbit.core.RabbitAdmin         : Auto-declaring a non-durable, auto-delete, or exclusive Queue (unibetResponseQueue) durable:false, auto-delete:false, exclusive:false. It will be redeclared if the broker stops and is restarted while the connection factory is alive, but all messages will be lost.
2025-01-11T19:30:37.577+02:00  INFO 25544 --- [unibet-service] [main] o.s.amqp.rabbit.core.RabbitAdmin         : Auto-declaring a non-durable, auto-delete, or exclusive Queue (superbetWorkerQueue) durable:false, auto-delete:false, exclusive:false. It will be redeclared if the broker stops and is restarted while the connection factory is alive, but all messages will be lost.
2025-01-11T19:30:37.577+02:00  INFO 25544 --- [unibet-service] [main] o.s.amqp.rabbit.core.RabbitAdmin         : Auto-declaring a non-durable, auto-delete, or exclusive Queue (unibetWorkerQueue) durable:false, auto-delete:false, exclusive:false. It will be redeclared if the broker stops and is restarted while the connection factory is alive, but all messages will be lost.
2025-01-11T19:30:37.632+02:00  INFO 25544 --- [unibet-service] [main] o.s.s.quartz.SchedulerFactoryBean        : Starting Quartz Scheduler now
2025-01-11T19:30:37.632+02:00  INFO 25544 --- [unibet-service] [main] org.quartz.core.QuartzScheduler          : Scheduler quartzScheduler_$_NON_CLUSTERED started.
2025-01-11T19:30:37.642+02:00  INFO 25544 --- [unibet-service] [main] com.example.demo.DemoApplication         : Started DemoApplication in 3.206 seconds (process running for 3.691)
2025-01-11T19:30:48.269+02:00  INFO 25544 --- [unibet-service] [SpringApplicationShutdownHook] org.quartz.core.QuartzScheduler          : Scheduler quartzScheduler_$_NON_CLUSTERED paused.
2025-01-11T19:30:48.269+02:00  INFO 25544 --- [unibet-service] [org.springframework.amqp.rabbit.RabbitListenerEndpointContainer#0-4] o.s.a.r.l.SimpleMessageListenerContainer : Waiting for workers to finish.
2025-01-11T19:30:49.046+02:00  INFO 25544 --- [unibet-service] [org.springframework.amqp.rabbit.RabbitListenerEndpointContainer#0-4] o.s.a.r.l.SimpleMessageListenerContainer : Successfully waited for workers to finish.
2025-01-11T19:30:49.047+02:00  INFO 25544 --- [unibet-service] [SpringApplicationShutdownHook] o.s.b.w.e.tomcat.GracefulShutdown        : Commencing graceful shutdown. Waiting for active requests to complete
2025-01-11T19:30:49.061+02:00  INFO 25544 --- [unibet-service] [tomcat-shutdown] o.s.b.w.e.tomcat.GracefulShutdown        : Graceful shutdown complete
2025-01-11T19:30:49.074+02:00  INFO 25544 --- [unibet-service] [SpringApplicationShutdownHook] o.s.s.quartz.SchedulerFactoryBean        : Shutting down Quartz Scheduler
2025-01-11T19:30:49.074+02:00  INFO 25544 --- [unibet-service] [SpringApplicationShutdownHook] org.quartz.core.QuartzScheduler          : Scheduler quartzScheduler_$_NON_CLUSTERED shutting down.
2025-01-11T19:30:49.075+02:00  INFO 25544 --- [unibet-service] [SpringApplicationShutdownHook] org.quartz.core.QuartzScheduler          : Scheduler quartzScheduler_$_NON_CLUSTERED paused.
2025-01-11T19:30:49.075+02:00  INFO 25544 --- [unibet-service] [SpringApplicationShutdownHook] org.quartz.core.QuartzScheduler          : Scheduler quartzScheduler_$_NON_CLUSTERED shutdown complete.
2025-01-11T19:39:26.362+02:00  INFO 13900 --- [unibet-service] [main] com.example.demo.DemoApplication         : Starting DemoApplication using Java 21.0.2 with PID 13900 (C:\Users\crist\Downloads\demo\demo\target\classes started by Cristi in C:\Users\crist\Downloads\demo\demo)
2025-01-11T19:39:26.365+02:00  INFO 13900 --- [unibet-service] [main] com.example.demo.DemoApplication         : The following 1 profile is active: "unibet"
2025-01-11T19:39:27.642+02:00  INFO 13900 --- [unibet-service] [main] o.s.b.w.embedded.tomcat.TomcatWebServer  : Tomcat initialized with port 8082 (http)
2025-01-11T19:39:27.659+02:00  INFO 13900 --- [unibet-service] [main] o.apache.catalina.core.StandardService   : Starting service [Tomcat]
2025-01-11T19:39:27.660+02:00  INFO 13900 --- [unibet-service] [main] o.apache.catalina.core.StandardEngine    : Starting Servlet engine: [Apache Tomcat/10.1.34]
2025-01-11T19:39:27.728+02:00  INFO 13900 --- [unibet-service] [main] o.a.c.c.C.[Tomcat].[localhost].[/]       : Initializing Spring embedded WebApplicationContext
2025-01-11T19:39:27.729+02:00  INFO 13900 --- [unibet-service] [main] w.s.c.ServletWebServerApplicationContext : Root WebApplicationContext: initialization completed in 1309 ms
2025-01-11T19:39:28.401+02:00  INFO 13900 --- [unibet-service] [main] org.quartz.impl.StdSchedulerFactory      : Using default implementation for ThreadExecutor
2025-01-11T19:39:28.413+02:00  INFO 13900 --- [unibet-service] [main] org.quartz.core.SchedulerSignalerImpl    : Initialized Scheduler Signaller of type: class org.quartz.core.SchedulerSignalerImpl
2025-01-11T19:39:28.413+02:00  INFO 13900 --- [unibet-service] [main] org.quartz.core.QuartzScheduler          : Quartz Scheduler v.2.3.2 created.
2025-01-11T19:39:28.414+02:00  INFO 13900 --- [unibet-service] [main] org.quartz.simpl.RAMJobStore             : RAMJobStore initialized.
2025-01-11T19:39:28.416+02:00  INFO 13900 --- [unibet-service] [main] org.quartz.core.QuartzScheduler          : Scheduler meta-data: Quartz Scheduler (v2.3.2) 'quartzScheduler' with instanceId 'NON_CLUSTERED'
  Scheduler class: 'org.quartz.core.QuartzScheduler' - running locally.
  NOT STARTED.
  Currently in standby mode.
  Number of jobs executed: 0
  Using thread pool 'org.quartz.simpl.SimpleThreadPool' - with 10 threads.
  Using job-store 'org.quartz.simpl.RAMJobStore' - which does not support persistence. and is not clustered.

2025-01-11T19:39:28.416+02:00  INFO 13900 --- [unibet-service] [main] org.quartz.impl.StdSchedulerFactory      : Quartz scheduler 'quartzScheduler' initialized from an externally provided properties instance.
2025-01-11T19:39:28.416+02:00  INFO 13900 --- [unibet-service] [main] org.quartz.impl.StdSchedulerFactory      : Quartz scheduler version: 2.3.2
2025-01-11T19:39:28.417+02:00  INFO 13900 --- [unibet-service] [main] org.quartz.core.QuartzScheduler          : JobFactory set to: org.springframework.scheduling.quartz.SpringBeanJobFactory@601eb4af
2025-01-11T19:39:28.507+02:00  INFO 13900 --- [unibet-service] [main] o.s.b.w.embedded.tomcat.TomcatWebServer  : Tomcat started on port 8082 (http) with context path '/'
2025-01-11T19:39:28.513+02:00  INFO 13900 --- [unibet-service] [main] o.s.a.r.c.CachingConnectionFactory       : Attempting to connect to: [localhost:5672]
2025-01-11T19:39:28.575+02:00  INFO 13900 --- [unibet-service] [main] o.s.a.r.c.CachingConnectionFactory       : Created new connection: rabbitConnectionFactory#1a1cc163:0/SimpleConnection@2589d787 [delegate=amqp://guest@127.0.0.1:5672/, localPort=49835]
2025-01-11T19:39:28.584+02:00  INFO 13900 --- [unibet-service] [main] o.s.amqp.rabbit.core.RabbitAdmin         : Auto-declaring a non-durable, auto-delete, or exclusive Queue (superbetQueue) durable:false, auto-delete:false, exclusive:false. It will be redeclared if the broker stops and is restarted while the connection factory is alive, but all messages will be lost.
2025-01-11T19:39:28.585+02:00  INFO 13900 --- [unibet-service] [main] o.s.amqp.rabbit.core.RabbitAdmin         : Auto-declaring a non-durable, auto-delete, or exclusive Queue (unibetResponseQueue) durable:false, auto-delete:false, exclusive:false. It will be redeclared if the broker stops and is restarted while the connection factory is alive, but all messages will be lost.
2025-01-11T19:39:28.585+02:00  INFO 13900 --- [unibet-service] [main] o.s.amqp.rabbit.core.RabbitAdmin         : Auto-declaring a non-durable, auto-delete, or exclusive Queue (superbetWorkerQueue) durable:false, auto-delete:false, exclusive:false. It will be redeclared if the broker stops and is restarted while the connection factory is alive, but all messages will be lost.
2025-01-11T19:39:28.586+02:00  INFO 13900 --- [unibet-service] [main] o.s.amqp.rabbit.core.RabbitAdmin         : Auto-declaring a non-durable, auto-delete, or exclusive Queue (unibetWorkerQueue) durable:false, auto-delete:false, exclusive:false. It will be redeclared if the broker stops and is restarted while the connection factory is alive, but all messages will be lost.
2025-01-11T19:39:28.631+02:00  INFO 13900 --- [unibet-service] [main] o.s.s.quartz.SchedulerFactoryBean        : Starting Quartz Scheduler now
2025-01-11T19:39:28.632+02:00  INFO 13900 --- [unibet-service] [main] org.quartz.core.QuartzScheduler          : Scheduler quartzScheduler_$_NON_CLUSTERED started.
2025-01-11T19:39:28.640+02:00  INFO 13900 --- [unibet-service] [main] com.example.demo.DemoApplication         : Started DemoApplication in 2.873 seconds (process running for 3.348)
2025-01-11T19:39:38.792+02:00  INFO 13900 --- [unibet-service] [SpringApplicationShutdownHook] org.quartz.core.QuartzScheduler          : Scheduler quartzScheduler_$_NON_CLUSTERED paused.
2025-01-11T19:39:38.792+02:00  INFO 13900 --- [unibet-service] [org.springframework.amqp.rabbit.RabbitListenerEndpointContainer#0-4] o.s.a.r.l.SimpleMessageListenerContainer : Waiting for workers to finish.
2025-01-11T19:39:39.602+02:00  INFO 13900 --- [unibet-service] [org.springframework.amqp.rabbit.RabbitListenerEndpointContainer#0-4] o.s.a.r.l.SimpleMessageListenerContainer : Successfully waited for workers to finish.
2025-01-11T19:39:39.604+02:00  INFO 13900 --- [unibet-service] [SpringApplicationShutdownHook] o.s.b.w.e.tomcat.GracefulShutdown        : Commencing graceful shutdown. Waiting for active requests to complete
2025-01-11T19:39:39.618+02:00  INFO 13900 --- [unibet-service] [tomcat-shutdown] o.s.b.w.e.tomcat.GracefulShutdown        : Graceful shutdown complete
2025-01-11T19:39:39.627+02:00  INFO 13900 --- [unibet-service] [SpringApplicationShutdownHook] o.s.s.quartz.SchedulerFactoryBean        : Shutting down Quartz Scheduler
2025-01-11T19:39:39.627+02:00  INFO 13900 --- [unibet-service] [SpringApplicationShutdownHook] org.quartz.core.QuartzScheduler          : Scheduler quartzScheduler_$_NON_CLUSTERED shutting down.
2025-01-11T19:39:39.628+02:00  INFO 13900 --- [unibet-service] [SpringApplicationShutdownHook] org.quartz.core.QuartzScheduler          : Scheduler quartzScheduler_$_NON_CLUSTERED paused.
2025-01-11T19:39:39.629+02:00  INFO 13900 --- [unibet-service] [SpringApplicationShutdownHook] org.quartz.core.QuartzScheduler          : Scheduler quartzScheduler_$_NON_CLUSTERED shutdown complete.
2025-01-11T19:40:02.056+02:00  INFO 3756 --- [unibet-service] [main] com.example.demo.DemoApplication         : Starting DemoApplication using Java 21.0.2 with PID 3756 (C:\Users\crist\Downloads\demo\demo\target\classes started by Cristi in C:\Users\crist\Downloads\demo\demo)
2025-01-11T19:40:02.059+02:00  INFO 3756 --- [unibet-service] [main] com.example.demo.DemoApplication         : The following 1 profile is active: "unibet"
2025-01-11T19:40:03.613+02:00  INFO 3756 --- [unibet-service] [main] o.s.b.w.embedded.tomcat.TomcatWebServer  : Tomcat initialized with port 8082 (http)
2025-01-11T19:40:03.633+02:00  INFO 3756 --- [unibet-service] [main] o.apache.catalina.core.StandardService   : Starting service [Tomcat]
2025-01-11T19:40:03.633+02:00  INFO 3756 --- [unibet-service] [main] o.apache.catalina.core.StandardEngine    : Starting Servlet engine: [Apache Tomcat/10.1.34]
2025-01-11T19:40:03.711+02:00  INFO 3756 --- [unibet-service] [main] o.a.c.c.C.[Tomcat].[localhost].[/]       : Initializing Spring embedded WebApplicationContext
2025-01-11T19:40:03.712+02:00  INFO 3756 --- [unibet-service] [main] w.s.c.ServletWebServerApplicationContext : Root WebApplicationContext: initialization completed in 1591 ms
2025-01-11T19:40:04.514+02:00  INFO 3756 --- [unibet-service] [main] org.quartz.impl.StdSchedulerFactory      : Using default implementation for ThreadExecutor
2025-01-11T19:40:04.526+02:00  INFO 3756 --- [unibet-service] [main] org.quartz.core.SchedulerSignalerImpl    : Initialized Scheduler Signaller of type: class org.quartz.core.SchedulerSignalerImpl
2025-01-11T19:40:04.526+02:00  INFO 3756 --- [unibet-service] [main] org.quartz.core.QuartzScheduler          : Quartz Scheduler v.2.3.2 created.
2025-01-11T19:40:04.527+02:00  INFO 3756 --- [unibet-service] [main] org.quartz.simpl.RAMJobStore             : RAMJobStore initialized.
2025-01-11T19:40:04.528+02:00  INFO 3756 --- [unibet-service] [main] org.quartz.core.QuartzScheduler          : Scheduler meta-data: Quartz Scheduler (v2.3.2) 'quartzScheduler' with instanceId 'NON_CLUSTERED'
  Scheduler class: 'org.quartz.core.QuartzScheduler' - running locally.
  NOT STARTED.
  Currently in standby mode.
  Number of jobs executed: 0
  Using thread pool 'org.quartz.simpl.SimpleThreadPool' - with 10 threads.
  Using job-store 'org.quartz.simpl.RAMJobStore' - which does not support persistence. and is not clustered.

2025-01-11T19:40:04.529+02:00  INFO 3756 --- [unibet-service] [main] org.quartz.impl.StdSchedulerFactory      : Quartz scheduler 'quartzScheduler' initialized from an externally provided properties instance.
2025-01-11T19:40:04.529+02:00  INFO 3756 --- [unibet-service] [main] org.quartz.impl.StdSchedulerFactory      : Quartz scheduler version: 2.3.2
2025-01-11T19:40:04.530+02:00  INFO 3756 --- [unibet-service] [main] org.quartz.core.QuartzScheduler          : JobFactory set to: org.springframework.scheduling.quartz.SpringBeanJobFactory@44e4cb76
2025-01-11T19:40:04.619+02:00  INFO 3756 --- [unibet-service] [main] o.s.b.w.embedded.tomcat.TomcatWebServer  : Tomcat started on port 8082 (http) with context path '/'
2025-01-11T19:40:04.626+02:00  INFO 3756 --- [unibet-service] [main] o.s.a.r.c.CachingConnectionFactory       : Attempting to connect to: [localhost:5672]
2025-01-11T19:40:04.700+02:00  INFO 3756 --- [unibet-service] [main] o.s.a.r.c.CachingConnectionFactory       : Created new connection: rabbitConnectionFactory#1a1cc163:0/SimpleConnection@6c0b51da [delegate=amqp://guest@127.0.0.1:5672/, localPort=49861]
2025-01-11T19:40:04.709+02:00  INFO 3756 --- [unibet-service] [main] o.s.amqp.rabbit.core.RabbitAdmin         : Auto-declaring a non-durable, auto-delete, or exclusive Queue (superbetQueue) durable:false, auto-delete:false, exclusive:false. It will be redeclared if the broker stops and is restarted while the connection factory is alive, but all messages will be lost.
2025-01-11T19:40:04.710+02:00  INFO 3756 --- [unibet-service] [main] o.s.amqp.rabbit.core.RabbitAdmin         : Auto-declaring a non-durable, auto-delete, or exclusive Queue (unibetResponseQueue) durable:false, auto-delete:false, exclusive:false. It will be redeclared if the broker stops and is restarted while the connection factory is alive, but all messages will be lost.
2025-01-11T19:40:04.710+02:00  INFO 3756 --- [unibet-service] [main] o.s.amqp.rabbit.core.RabbitAdmin         : Auto-declaring a non-durable, auto-delete, or exclusive Queue (superbetWorkerQueue) durable:false, auto-delete:false, exclusive:false. It will be redeclared if the broker stops and is restarted while the connection factory is alive, but all messages will be lost.
2025-01-11T19:40:04.711+02:00  INFO 3756 --- [unibet-service] [main] o.s.amqp.rabbit.core.RabbitAdmin         : Auto-declaring a non-durable, auto-delete, or exclusive Queue (unibetWorkerQueue) durable:false, auto-delete:false, exclusive:false. It will be redeclared if the broker stops and is restarted while the connection factory is alive, but all messages will be lost.
2025-01-11T19:40:04.757+02:00  INFO 3756 --- [unibet-service] [main] o.s.s.quartz.SchedulerFactoryBean        : Starting Quartz Scheduler now
2025-01-11T19:40:04.757+02:00  INFO 3756 --- [unibet-service] [main] org.quartz.core.QuartzScheduler          : Scheduler quartzScheduler_$_NON_CLUSTERED started.
2025-01-11T19:40:04.766+02:00  INFO 3756 --- [unibet-service] [main] com.example.demo.DemoApplication         : Started DemoApplication in 3.518 seconds (process running for 4.091)
2025-01-11T19:41:08.456+02:00  WARN 3756 --- [unibet-service] [OkHttp ConnectionPool] com.squareup.okhttp.OkHttpClient         : A connection to https://eu1.offering-api.kambicdn.com/ was leaked. Did you forget to close a response body?
2025-01-11T19:41:08.457+02:00  WARN 3756 --- [unibet-service] [OkHttp ConnectionPool] com.squareup.okhttp.OkHttpClient         : A connection to https://eu1.offering-api.kambicdn.com/ was leaked. Did you forget to close a response body?
2025-01-11T19:41:08.457+02:00  WARN 3756 --- [unibet-service] [OkHttp ConnectionPool] com.squareup.okhttp.OkHttpClient         : A connection to https://eu1.offering-api.kambicdn.com/ was leaked. Did you forget to close a response body?
2025-01-11T19:43:07.612+02:00  WARN 3756 --- [unibet-service] [OkHttp ConnectionPool] com.squareup.okhttp.OkHttpClient         : A connection to https://eu1.offering-api.kambicdn.com/ was leaked. Did you forget to close a response body?
2025-01-11T19:43:07.612+02:00  WARN 3756 --- [unibet-service] [OkHttp ConnectionPool] com.squareup.okhttp.OkHttpClient         : A connection to https://eu1.offering-api.kambicdn.com/ was leaked. Did you forget to close a response body?
2025-01-11T19:45:09.401+02:00  WARN 3756 --- [unibet-service] [OkHttp ConnectionPool] com.squareup.okhttp.OkHttpClient         : A connection to https://eu1.offering-api.kambicdn.com/ was leaked. Did you forget to close a response body?
2025-01-11T19:45:09.401+02:00  WARN 3756 --- [unibet-service] [OkHttp ConnectionPool] com.squareup.okhttp.OkHttpClient         : A connection to https://eu1.offering-api.kambicdn.com/ was leaked. Did you forget to close a response body?
2025-01-11T19:45:09.402+02:00  WARN 3756 --- [unibet-service] [OkHttp ConnectionPool] com.squareup.okhttp.OkHttpClient         : A connection to https://eu1.offering-api.kambicdn.com/ was leaked. Did you forget to close a response body?
2025-01-11T19:47:07.552+02:00  WARN 3756 --- [unibet-service] [OkHttp ConnectionPool] com.squareup.okhttp.OkHttpClient         : A connection to https://eu1.offering-api.kambicdn.com/ was leaked. Did you forget to close a response body?
2025-01-11T19:47:07.553+02:00  WARN 3756 --- [unibet-service] [OkHttp ConnectionPool] com.squareup.okhttp.OkHttpClient         : A connection to https://eu1.offering-api.kambicdn.com/ was leaked. Did you forget to close a response body?
2025-01-11T19:47:09.306+02:00  WARN 3756 --- [unibet-service] [OkHttp ConnectionPool] com.squareup.okhttp.OkHttpClient         : A connection to https://eu1.offering-api.kambicdn.com/ was leaked. Did you forget to close a response body?
2025-01-11T19:49:10.027+02:00  WARN 3756 --- [unibet-service] [OkHttp ConnectionPool] com.squareup.okhttp.OkHttpClient         : A connection to https://eu1.offering-api.kambicdn.com/ was leaked. Did you forget to close a response body?
2025-01-11T19:50:08.241+02:00  WARN 3756 --- [unibet-service] [OkHttp ConnectionPool] com.squareup.okhttp.OkHttpClient         : A connection to https://eu1.offering-api.kambicdn.com/ was leaked. Did you forget to close a response body?
2025-01-11T19:51:09.023+02:00  WARN 3756 --- [unibet-service] [OkHttp ConnectionPool] com.squareup.okhttp.OkHttpClient         : A connection to https://eu1.offering-api.kambicdn.com/ was leaked. Did you forget to close a response body?
2025-01-11T19:51:09.023+02:00  WARN 3756 --- [unibet-service] [OkHttp ConnectionPool] com.squareup.okhttp.OkHttpClient         : A connection to https://eu1.offering-api.kambicdn.com/ was leaked. Did you forget to close a response body?
2025-01-11T19:51:10.998+02:00  WARN 3756 --- [unibet-service] [OkHttp ConnectionPool] com.squareup.okhttp.OkHttpClient         : A connection to https://eu1.offering-api.kambicdn.com/ was leaked. Did you forget to close a response body?
2025-01-11T19:54:08.919+02:00  WARN 3756 --- [unibet-service] [OkHttp ConnectionPool] com.squareup.okhttp.OkHttpClient         : A connection to https://eu1.offering-api.kambicdn.com/ was leaked. Did you forget to close a response body?
2025-01-11T19:55:08.972+02:00  WARN 3756 --- [unibet-service] [OkHttp ConnectionPool] com.squareup.okhttp.OkHttpClient         : A connection to https://eu1.offering-api.kambicdn.com/ was leaked. Did you forget to close a response body?
2025-01-11T19:55:10.824+02:00  WARN 3756 --- [unibet-service] [OkHttp ConnectionPool] com.squareup.okhttp.OkHttpClient         : A connection to https://eu1.offering-api.kambicdn.com/ was leaked. Did you forget to close a response body?
2025-01-11T19:57:08.811+02:00  WARN 3756 --- [unibet-service] [OkHttp ConnectionPool] com.squareup.okhttp.OkHttpClient         : A connection to https://eu1.offering-api.kambicdn.com/ was leaked. Did you forget to close a response body?
2025-01-11T19:58:08.612+02:00  WARN 3756 --- [unibet-service] [OkHttp ConnectionPool] com.squareup.okhttp.OkHttpClient         : A connection to https://eu1.offering-api.kambicdn.com/ was leaked. Did you forget to close a response body?
2025-01-11T19:59:08.516+02:00  WARN 3756 --- [unibet-service] [OkHttp ConnectionPool] com.squareup.okhttp.OkHttpClient         : A connection to https://eu1.offering-api.kambicdn.com/ was leaked. Did you forget to close a response body?
2025-01-11T19:59:08.517+02:00  WARN 3756 --- [unibet-service] [OkHttp ConnectionPool] com.squareup.okhttp.OkHttpClient         : A connection to https://eu1.offering-api.kambicdn.com/ was leaked. Did you forget to close a response body?
2025-01-11T19:59:10.378+02:00  WARN 3756 --- [unibet-service] [OkHttp ConnectionPool] com.squareup.okhttp.OkHttpClient         : A connection to https://eu1.offering-api.kambicdn.com/ was leaked. Did you forget to close a response body?
2025-01-11T20:01:09.794+02:00  WARN 3756 --- [unibet-service] [OkHttp ConnectionPool] com.squareup.okhttp.OkHttpClient         : A connection to https://eu1.offering-api.kambicdn.com/ was leaked. Did you forget to close a response body?
2025-01-11T20:02:07.291+02:00  WARN 3756 --- [unibet-service] [OkHttp ConnectionPool] com.squareup.okhttp.OkHttpClient         : A connection to https://eu1.offering-api.kambicdn.com/ was leaked. Did you forget to close a response body?
2025-01-11T20:02:07.292+02:00  WARN 3756 --- [unibet-service] [OkHttp ConnectionPool] com.squareup.okhttp.OkHttpClient         : A connection to https://eu1.offering-api.kambicdn.com/ was leaked. Did you forget to close a response body?
